PedigoDigital.exe: 00002D04: 13:52:06 []:>--------------------------------------------------------------<
PedigoDigital.exe: 00002D04: 13:52:06 [TUniServerModule]:Server First Init.
PedigoDigital.exe: 00002D04: 13:52:06 [TUniServerModule]:Starting HTTP Server on Port: 4040...
PedigoDigital.exe: 00002D04: 13:52:06 [TUniServerModule]:HTTP Server Started on Port: 4040
PedigoDigital.exe: 00003C20: 13:54:28 []:>--------------------------------------------------------------<
PedigoDigital.exe: 00003C20: 13:54:28 [TUniServerModule]:Server First Init.
PedigoDigital.exe: 00003C20: 13:54:28 [TUniServerModule]:Global Cache Folder Erased. <1> Files deleted.
PedigoDigital.exe: 00003C20: 13:54:28 [TUniServerModule]:Starting HTTP Server on Port: 4040...
PedigoDigital.exe: 00003C20: 13:54:28 [TUniServerModule]:HTTP Server Started on Port: 4040
PedigoDigital.exe: 00001E9C: 13:54:32 [192.168.0.96]:EUniSessionException : Invalid session or session Timeout. (Session not found: TuWZ9bOQ851080ED729 ) : Addr: $0080E806
PedigoDigital.exe: 00003980: 13:54:35 [192.168.0.96]:EUniSessionException : Invalid session or session Timeout. (Session not found: GKtWLvEwsm1080ED2C0 ) : Addr: $0080E806
PedigoDigital.exe: 00002610: 13:54:35 [HandleFileRequest[192.168.0.96]]:File not found: C:\Program Files (x86)\FMSoft\Framework\unigui\ext-7.0.0\build\classic\locale\locale-.js
PedigoDigital.exe: 00000BA8: 13:54:35 [HandleFileRequest[192.168.0.96]]:File not found: C:\Program Files (x86)\FMSoft\Framework\unigui\ext-7.0.0\build\classic\locale\locale-.js
PedigoDigital.exe: 00002F4C: 14:04:39 [TUniGUIServerModule.AppHandleException-]:EAccessViolation : Access violation at address 007D827C in module 'PedigoDigital.exe'. Read of address 00000064 : Addr: $007D827C
PedigoDigital.exe: 00002F4C: 14:04:49 [TUniGUIServerModule.AppHandleException-]:EAccessViolation : Access violation at address 007D827C in module 'PedigoDigital.exe'. Read of address 00000064 : Addr: $007D827C
PedigoDigital.exe: 00001668: 14:23:22 [192.168.0.96]:EUniSessionException : Invalid session or session Timeout. (Session not found: NPjeYaGmEQ1080ED884 ) : Addr: $0080E806
PedigoDigital.exe: 00003128: 14:23:22 [HandleFileRequest[192.168.0.96]]:File not found: C:\Program Files (x86)\FMSoft\Framework\unigui\ext-7.0.0\build\classic\locale\locale-.js
PedigoDigital.exe: 00000990: 14:23:22 [HandleFileRequest[192.168.0.96]]:File not found: C:\Program Files (x86)\FMSoft\Framework\unigui\ext-7.0.0\build\classic\locale\locale-.js
PedigoDigital.exe: 00002F4C: 14:33:26 [TUniGUIServerModule.AppHandleException-]:EAccessViolation : Access violation at address 007D827C in module 'PedigoDigital.exe'. Read of address 00000064 : Addr: $007D827C
PedigoDigital.exe: 000015D0: 14:44:21 []:>--------------------------------------------------------------<
PedigoDigital.exe: 000015D0: 14:44:21 [TUniServerModule]:Server First Init.
PedigoDigital.exe: 000015D0: 14:44:21 [TUniServerModule]:Global Cache Folder Erased. <147> Files deleted.
PedigoDigital.exe: 000015D0: 14:44:21 [TUniServerModule]:Starting HTTP Server on Port: 4040...
PedigoDigital.exe: 000015D0: 14:44:21 [TUniServerModule]:HTTP Server Started on Port: 4040
PedigoDigital.exe: 00000798: 14:44:31 [HandleFileRequest[192.168.0.96]]:File not found: C:\Program Files (x86)\FMSoft\Framework\unigui\ext-7.0.0\build\classic\locale\locale-.js
PedigoDigital.exe: 0000054C: 14:44:31 [HandleFileRequest[192.168.0.96]]:File not found: C:\Program Files (x86)\FMSoft\Framework\unigui\ext-7.0.0\build\classic\locale\locale-.js
PedigoDigital.exe: 00001F68: 14:44:32 [HandleFileRequest[192.168.0.96]]:File not found: D:\Projetos\2021\PedidoDigital\retaguarda\Win32\Release\favicon.ico
PedigoDigital.exe: 000017C4: 14:44:36 [TUniGUIServerModule.AppHandleException-]:EAccessViolation : Access violation at address 007D827C in module 'PedigoDigital.exe'. Read of address 00000064 : Addr: $007D827C
PedigoDigital.exe: 000017C4: 14:46:26 [TUniGUIServerModule.AppHandleException-]:EAccessViolation : Access violation at address 007D827C in module 'PedigoDigital.exe'. Read of address 00000064 : Addr: $007D827C
PedigoDigital.exe: 000017C4: 14:57:51 [TUniGUIServerModule.AppHandleException-]:EAccessViolation : Access violation at address 007D827C in module 'PedigoDigital.exe'. Read of address 00000064 : Addr: $007D827C
PedigoDigital.exe: 00002438: 15:21:12 []:>--------------------------------------------------------------<
PedigoDigital.exe: 00002438: 15:21:12 [TUniServerModule]:Server First Init.
PedigoDigital.exe: 00002438: 15:21:13 [TUniServerModule]:Global Cache Folder Erased. <145> Files deleted.
PedigoDigital.exe: 00002438: 15:21:13 [TUniServerModule]:Starting HTTP Server on Port: 4040...
PedigoDigital.exe: 00002438: 15:21:13 [TUniServerModule]:HTTP Server Started on Port: 4040
PedigoDigital.exe: 00000958: 15:26:02 [TUniGUIServerModule.AppHandleException-]:EAccessViolation : Access violation at address 007D827C in module 'PedigoDigital.exe'. Read of address 00000064 : Addr: $007D827C
PedigoDigital.exe: 000034E0: 15:26:11 []:>--------------------------------------------------------------<
PedigoDigital.exe: 000034E0: 15:26:11 [TUniServerModule]:Server First Init.
PedigoDigital.exe: 000034E0: 15:26:11 [TUniServerModule]:Global Cache Folder Erased. <2> Files deleted.
PedigoDigital.exe: 000034E0: 15:26:11 [TUniServerModule]:Starting HTTP Server on Port: 4040...
PedigoDigital.exe: 000034E0: 15:26:11 [TUniServerModule]:HTTP Server Started on Port: 4040
PedigoDigital.exe: 0000381C: 15:26:27 [192.168.0.96]:EUniSessionException : Invalid session or session Timeout. (Session not found: fgqoAT8LHN1080EF155 ) : Addr: $0080E806
PedigoDigital.exe: 00002964: 15:26:57 [HandleFileRequest[192.168.0.96]]:File not found: C:\Program Files (x86)\FMSoft\Framework\unigui\ext-7.0.0\build\classic\locale\locale-.js
PedigoDigital.exe: 00002B04: 15:26:58 [HandleFileRequest[192.168.0.96]]:File not found: C:\Program Files (x86)\FMSoft\Framework\unigui\ext-7.0.0\build\classic\locale\locale-.js
PedigoDigital.exe: 000005C8: 15:27:16 [TUniGUIServerModule.AppHandleException-]:EAccessViolation : Access violation at address 007D827C in module 'PedigoDigital.exe'. Read of address 00000064 : Addr: $007D827C
PedigoDigital.exe: 000005C8: 15:36:31 [TUniGUIServerModule.AppHandleException-]:EAccessViolation : Access violation at address 007D827C in module 'PedigoDigital.exe'. Read of address 00000064 : Addr: $007D827C
PedigoDigital.exe: 00003B20: 15:43:31 []:>--------------------------------------------------------------<
PedigoDigital.exe: 00003B20: 15:43:31 [TUniServerModule]:Server First Init.
PedigoDigital.exe: 00003B20: 15:43:36 [TUniServerModule]:Global Cache Folder Erased. <145> Files deleted.
PedigoDigital.exe: 00003B20: 15:43:36 [TUniServerModule]:Starting HTTP Server on Port: 4040...
PedigoDigital.exe: 00003B20: 15:43:36 [TUniServerModule]:HTTP Server Started on Port: 4040
PedigoDigital.exe: 00000BA8: 15:43:37 [HandleFileRequest[192.168.0.96]]:File not found: C:\Program Files (x86)\FMSoft\Framework\unigui\ext-7.0.0\build\classic\locale\locale-.js
PedigoDigital.exe: 00001D14: 15:43:37 [HandleFileRequest[192.168.0.96]]:File not found: C:\Program Files (x86)\FMSoft\Framework\unigui\ext-7.0.0\build\classic\locale\locale-.js
PedigoDigital.exe: 00003574: 15:43:40 [192.168.0.96]:EUniSessionException : Invalid session or session Timeout. (Session not found: UPP843cwHV1080EF171 ) : Addr: $0080E806
PedigoDigital.exe: 00001D6C: 15:44:01 [HandleFileRequest[192.168.0.96]]:File not found: D:\Projetos\2021\PedidoDigital\retaguarda\Win32\Release\files\logo.jpg
PedigoDigital.exe: 00001748: 15:44:01 [TUniGUIServerModule.AppHandleException-]:EAccessViolation : Access violation at address 007D827C in module 'PedigoDigital.exe'. Read of address 00000064 : Addr: $007D827C
PedigoDigital.exe: 00001748: 15:44:16 [TUniGUIServerModule.AppHandleException-]:EAccessViolation : Access violation at address 007D827C in module 'PedigoDigital.exe'. Read of address 00000064 : Addr: $007D827C
PedigoDigital.exe: 000026A4: 15:46:18 []:>--------------------------------------------------------------<
PedigoDigital.exe: 000026A4: 15:46:18 [TUniServerModule]:Server First Init.
PedigoDigital.exe: 000026A4: 15:46:22 [TUniServerModule]:Global Cache Folder Erased. <148> Files deleted.
PedigoDigital.exe: 000026A4: 15:46:22 [TUniServerModule]:Starting HTTP Server on Port: 4040...
PedigoDigital.exe: 000026A4: 15:46:22 [TUniServerModule]:HTTP Server Started on Port: 4040
PedigoDigital.exe: 00002730: 15:47:16 [192.168.0.96]:EUniSessionException : Invalid session or session Timeout. (Session not found: O4OtoadLtl1080EF618 ) : Addr: $0080E806
PedigoDigital.exe: 00002730: 15:47:19 [HandleFileRequest[192.168.0.96]]:File not found: C:\Program Files (x86)\FMSoft\Framework\unigui\ext-7.0.0\build\classic\locale\locale-.js
PedigoDigital.exe: 00001C10: 15:47:20 [HandleFileRequest[192.168.0.96]]:File not found: C:\Program Files (x86)\FMSoft\Framework\unigui\ext-7.0.0\build\classic\locale\locale-.js
PedigoDigital.exe: 00003BF8: 15:47:28 [TUniGUIServerModule.AppHandleException-]:EAccessViolation : Access violation at address 007D827C in module 'PedigoDigital.exe'. Read of address 00000064 : Addr: $007D827C
PedigoDigital.exe: 00003BF8: 15:47:33 [TUniGUIServerModule.AppHandleException-]:EAccessViolation : Access violation at address 007D827C in module 'PedigoDigital.exe'. Read of address 00000064 : Addr: $007D827C
PedigoDigital.exe: 00003BF8: 15:48:43 [TUniGUIServerModule.AppHandleException-]:EAccessViolation : Access violation at address 007D827C in module 'PedigoDigital.exe'. Read of address 00000064 : Addr: $007D827C
PedigoDigital.exe: 00003BF8: 15:48:58 [TUniGUIServerModule.AppHandleException-]:EAccessViolation : Access violation at address 007D827C in module 'PedigoDigital.exe'. Read of address 00000064 : Addr: $007D827C
PedigoDigital.exe: 00003BF8: 15:49:08 [TUniGUIServerModule.AppHandleException-]:EAccessViolation : Access violation at address 007D827C in module 'PedigoDigital.exe'. Read of address 00000064 : Addr: $007D827C
PedigoDigital.exe: 0000327C: 16:01:26 []:>--------------------------------------------------------------<
PedigoDigital.exe: 0000327C: 16:01:26 [TUniServerModule]:Server First Init.
PedigoDigital.exe: 000004B4: 16:01:26 []:>--------------------------------------------------------------<
PedigoDigital.exe: 000004B4: 16:01:26 [TUniServerModule]:Server First Init.
PedigoDigital.exe: 000004B4: 16:01:26 []:Error deleting file: "D:\Projetos\2021\PedidoDigital\retaguarda\Win32\Release\cache\pedigodigital_exe\res\__1E701B4151BC5CCF702C7955.png" [OS Error:5]
PedigoDigital.exe: 0000327C: 16:01:26 []:Error deleting file: "D:\Projetos\2021\PedidoDigital\retaguarda\Win32\Release\cache\pedigodigital_exe\res\__1F43CCC31CEE2C043C31F8B1.png" [OS Error:2]
PedigoDigital.exe: 0000327C: 16:01:26 []:Error deleting file: "D:\Projetos\2021\PedidoDigital\retaguarda\Win32\Release\cache\pedigodigital_exe\res\__226D9077336D349055DAC2E8.png" [OS Error:5]
PedigoDigital.exe: 000004B4: 16:01:26 []:Error deleting file: "D:\Projetos\2021\PedidoDigital\retaguarda\Win32\Release\cache\pedigodigital_exe\res\__23DD84D6EC0F55520FECD9FB.png" [OS Error:2]
PedigoDigital.exe: 000004B4: 16:01:26 []:Error deleting file: "D:\Projetos\2021\PedidoDigital\retaguarda\Win32\Release\cache\pedigodigital_exe\res\__25C50FFFBAE56B17E0AA7AC9.png" [OS Error:2]
PedigoDigital.exe: 000004B4: 16:01:26 []:Error deleting file: "D:\Projetos\2021\PedidoDigital\retaguarda\Win32\Release\cache\pedigodigital_exe\res\__2926EDC343C8BBC66CEFA9A3.png" [OS Error:2]
PedigoDigital.exe: 000004B4: 16:01:26 []:Error deleting file: "D:\Projetos\2021\PedidoDigital\retaguarda\Win32\Release\cache\pedigodigital_exe\res\__2B2DC82F96767379C1A43699.png" [OS Error:2]
PedigoDigital.exe: 000004B4: 16:01:26 []:Error deleting file: "D:\Projetos\2021\PedidoDigital\retaguarda\Win32\Release\cache\pedigodigital_exe\res\__2BF78519D500FC2500F880FA.png" [OS Error:2]
PedigoDigital.exe: 000004B4: 16:01:26 []:Error deleting file: "D:\Projetos\2021\PedidoDigital\retaguarda\Win32\Release\cache\pedigodigital_exe\res\__2C5C9B10A5BD16E2D219B21D.png" [OS Error:5]
PedigoDigital.exe: 0000327C: 16:01:26 []:Error deleting file: "D:\Projetos\2021\PedidoDigital\retaguarda\Win32\Release\cache\pedigodigital_exe\res\__2CB32D15ED29ED3F19DD1AEE.png" [OS Error:2]
PedigoDigital.exe: 0000327C: 16:01:26 []:Error deleting file: "D:\Projetos\2021\PedidoDigital\retaguarda\Win32\Release\cache\pedigodigital_exe\res\__2D4F22A0F27A1A2F1FC93F03.png" [OS Error:5]
PedigoDigital.exe: 000004B4: 16:01:26 []:Error deleting file: "D:\Projetos\2021\PedidoDigital\retaguarda\Win32\Release\cache\pedigodigital_exe\res\__2D940E9CA30B931BD09FA15E.png" [OS Error:2]
PedigoDigital.exe: 000004B4: 16:01:26 []:Error deleting file: "D:\Projetos\2021\PedidoDigital\retaguarda\Win32\Release\cache\pedigodigital_exe\res\__312E589F3BE6F8A66D15519C.png" [OS Error:5]
PedigoDigital.exe: 0000327C: 16:01:26 []:Error deleting file: "D:\Projetos\2021\PedidoDigital\retaguarda\Win32\Release\cache\pedigodigital_exe\res\__317B8DDEC6E5A4EAF8612FAB.png" [OS Error:5]
PedigoDigital.exe: 000004B4: 16:01:26 []:Error deleting file: "D:\Projetos\2021\PedidoDigital\retaguarda\Win32\Release\cache\pedigodigital_exe\res\__32D448E1C89651C5FB6A9C32.png" [OS Error:2]
PedigoDigital.exe: 000004B4: 16:01:26 []:Error deleting file: "D:\Projetos\2021\PedidoDigital\retaguarda\Win32\Release\cache\pedigodigital_exe\res\__3423AC2AD7230AD80B46BA8C.png" [OS Error:5]
PedigoDigital.exe: 0000327C: 16:01:26 []:Error deleting file: "D:\Projetos\2021\PedidoDigital\retaguarda\Win32\Release\cache\pedigodigital_exe\res\__3609AE6854193B938A22ECB7.png" [OS Error:2]
PedigoDigital.exe: 0000327C: 16:01:26 []:Error deleting file: "D:\Projetos\2021\PedidoDigital\retaguarda\Win32\Release\cache\pedigodigital_exe\res\__36B98B98E61E943F1CD81E63.png" [OS Error:5]
PedigoDigital.exe: 000004B4: 16:01:26 []:Error deleting file: "D:\Projetos\2021\PedidoDigital\retaguarda\Win32\Release\cache\pedigodigital_exe\res\__37CF654F5FB48CBE9783F38E.png" [OS Error:2]
PedigoDigital.exe: 000004B4: 16:01:26 []:Error deleting file: "D:\Projetos\2021\PedidoDigital\retaguarda\Win32\Release\cache\pedigodigital_exe\res\__3868EE63627A38209AE325E2.png" [OS Error:2]
PedigoDigital.exe: 000004B4: 16:01:26 []:Error deleting file: "D:\Projetos\2021\PedidoDigital\retaguarda\Win32\Release\cache\pedigodigital_exe\res\__395BACA55AB651469411FF56.png" [OS Error:2]
PedigoDigital.exe: 000004B4: 16:01:26 []:Error deleting file: "D:\Projetos\2021\PedidoDigital\retaguarda\Win32\Release\cache\pedigodigital_exe\res\__398B9BB88DD4D67CC760741C.png" [OS Error:2]
PedigoDigital.exe: 000004B4: 16:01:26 []:Error deleting file: "D:\Projetos\2021\PedidoDigital\retaguarda\Win32\Release\cache\pedigodigital_exe\res\__39FF08BC118552D74B84E088.png" [OS Error:5]
PedigoDigital.exe: 0000327C: 16:01:26 []:Error deleting file: "D:\Projetos\2021\PedidoDigital\retaguarda\Win32\Release\cache\pedigodigital_exe\res\__3A2F588398C38A8FD2F2E41F.png" [OS Error:5]
PedigoDigital.exe: 0000327C: 16:01:26 []:Error deleting file: "D:\Projetos\2021\PedidoDigital\retaguarda\Win32\Release\cache\pedigodigital_exe\res\__3F9D774975F98EEFB59705AA.png" [OS Error:2]
PedigoDigital.exe: 0000327C: 16:01:26 []:Error deleting file: "D:\Projetos\2021\PedidoDigital\retaguarda\Win32\Release\cache\pedigodigital_exe\res\__40BCDFD7AEAD020EEF69E1BD.png" [OS Error:5]
PedigoDigital.exe: 000004B4: 16:01:26 []:Error deleting file: "D:\Projetos\2021\PedidoDigital\retaguarda\Win32\Release\cache\pedigodigital_exe\res\__4283B8806984A9E4AC08640B.png" [OS Error:5]
PedigoDigital.exe: 000004B4: 16:01:26 []:Error deleting file: "D:\Projetos\2021\PedidoDigital\retaguarda\Win32\Release\cache\pedigodigital_exe\res\__4449C66B739FFFEBB7E9C854.png" [OS Error:5]
PedigoDigital.exe: 0000327C: 16:01:26 []:Error deleting file: "D:\Projetos\2021\PedidoDigital\retaguarda\Win32\Release\cache\pedigodigital_exe\res\__47F2AB1AEA3042E33222EF54.png" [OS Error:5]
PedigoDigital.exe: 000004B4: 16:01:26 []:Error deleting file: "D:\Projetos\2021\PedidoDigital\retaguarda\Win32\Release\cache\pedigodigital_exe\res\__47FA1BF43213410D7A0D5DD9.png" [OS Error:2]
PedigoDigital.exe: 000004B4: 16:01:26 []:Error deleting file: "D:\Projetos\2021\PedidoDigital\retaguarda\Win32\Release\cache\pedigodigital_exe\res\__4A0FC52C02BF60F44CCF25F8.png" [OS Error:2]
PedigoDigital.exe: 000004B4: 16:01:26 []:Error deleting file: "D:\Projetos\2021\PedidoDigital\retaguarda\Win32\Release\cache\pedigodigital_exe\res\__4A153C451CA3F3D266B92EA9.png" [OS Error:5]
PedigoDigital.exe: 0000327C: 16:01:26 []:Error deleting file: "D:\Projetos\2021\PedidoDigital\retaguarda\Win32\Release\cache\pedigodigital_exe\res\__4A24F3ED7BD6DEF4C5FBD9D7.png" [OS Error:2]
PedigoDigital.exe: 0000327C: 16:01:26 []:Error deleting file: "D:\Projetos\2021\PedidoDigital\retaguarda\Win32\Release\cache\pedigodigital_exe\res\__4AE4B11FE8139E2132F84F76.png" [OS Error:5]
PedigoDigital.exe: 000004B4: 16:01:26 []:Error deleting file: "D:\Projetos\2021\PedidoDigital\retaguarda\Win32\Release\cache\pedigodigital_exe\res\__4B532FED3568896080BBB757.png" [OS Error:5]
PedigoDigital.exe: 0000327C: 16:01:26 []:Error deleting file: "D:\Projetos\2021\PedidoDigital\retaguarda\Win32\Release\cache\pedigodigital_exe\res\__4DB7ECD0F28DB8B14045A631.png" [OS Error:2]
PedigoDigital.exe: 0000327C: 16:01:26 []:Error deleting file: "D:\Projetos\2021\PedidoDigital\retaguarda\Win32\Release\cache\pedigodigital_exe\res\__4E1A00E1EEFCFCCE3D16FF43.png" [OS Error:5]
PedigoDigital.exe: 000004B4: 16:01:26 []:Error deleting file: "D:\Projetos\2021\PedidoDigital\retaguarda\Win32\Release\cache\pedigodigital_exe\res\__4E23C3E55A0AABC3A82E714E.png" [OS Error:2]
PedigoDigital.exe: 000004B4: 16:01:26 []:Error deleting file: "D:\Projetos\2021\PedidoDigital\retaguarda\Win32\Release\cache\pedigodigital_exe\res\__516A164CE1E0E2E9334AF6D2.png" [OS Error:5]
PedigoDigital.exe: 0000327C: 16:01:26 []:Error deleting file: "D:\Projetos\2021\PedidoDigital\retaguarda\Win32\Release\cache\pedigodigital_exe\res\__5226F23EBCFCD9380F23CD57.png" [OS Error:2]
PedigoDigital.exe: 0000327C: 16:01:26 []:Error deleting file: "D:\Projetos\2021\PedidoDigital\retaguarda\Win32\Release\cache\pedigodigital_exe\res\__53200F3861E05323B500655D.png" [OS Error:2]
PedigoDigital.exe: 0000327C: 16:01:26 []:Error deleting file: "D:\Projetos\2021\PedidoDigital\retaguarda\Win32\Release\cache\pedigodigital_exe\res\__546EF15BA81E36A2FC8D25FA.png" [OS Error:5]
PedigoDigital.exe: 0000327C: 16:01:26 []:Error deleting file: "D:\Projetos\2021\PedidoDigital\retaguarda\Win32\Release\cache\pedigodigital_exe\res\__5955EFFD31BABF0B8B10AF83.png" [OS Error:2]
PedigoDigital.exe: 0000327C: 16:01:26 []:Error deleting file: "D:\Projetos\2021\PedidoDigital\retaguarda\Win32\Release\cache\pedigodigital_exe\res\__5E97589FF426D27452BE2C3C.png" [OS Error:5]
PedigoDigital.exe: 000004B4: 16:01:26 []:Error deleting file: "D:\Projetos\2021\PedidoDigital\retaguarda\Win32\Release\cache\pedigodigital_exe\res\__5F1922940E6E3D186D86D176.png" [OS Error:5]
PedigoDigital.exe: 000004B4: 16:01:26 []:Error deleting file: "D:\Projetos\2021\PedidoDigital\retaguarda\Win32\Release\cache\pedigodigital_exe\res\__5F8010758410FD5FE3910FF4.png" [OS Error:5]
PedigoDigital.exe: 0000327C: 16:01:26 []:Error deleting file: "D:\Projetos\2021\PedidoDigital\retaguarda\Win32\Release\cache\pedigodigital_exe\res\__6052987C19C8F54D7A1B8EEC.png" [OS Error:2]
PedigoDigital.exe: 0000327C: 16:01:26 []:Error deleting file: "D:\Projetos\2021\PedidoDigital\retaguarda\Win32\Release\cache\pedigodigital_exe\res\__6121A4FA007CF390619E9863.png" [OS Error:2]
PedigoDigital.exe: 0000327C: 16:01:26 []:Error deleting file: "D:\Projetos\2021\PedidoDigital\retaguarda\Win32\Release\cache\pedigodigital_exe\res\__61E073ECC519921B26FA09DF.png" [OS Error:2]
PedigoDigital.exe: 0000327C: 16:01:26 []:Error deleting file: "D:\Projetos\2021\PedidoDigital\retaguarda\Win32\Release\cache\pedigodigital_exe\res\__66FD7F70D4242C673B21AB7A.png" [OS Error:2]
PedigoDigital.exe: 0000327C: 16:01:26 []:Error deleting file: "D:\Projetos\2021\PedidoDigital\retaguarda\Win32\Release\cache\pedigodigital_exe\res\__69CFBF2B0833622B720325A3.png" [OS Error:5]
PedigoDigital.exe: 000004B4: 16:01:26 []:Error deleting file: "D:\Projetos\2021\PedidoDigital\retaguarda\Win32\Release\cache\pedigodigital_exe\res\__6A8CF2FB9671551400FE4829.png" [OS Error:2]
PedigoDigital.exe: 000004B4: 16:01:26 []:Error deleting file: "D:\Projetos\2021\PedidoDigital\retaguarda\Win32\Release\cache\pedigodigital_exe\res\__6C813E8A94A888040129C6BC.png" [OS Error:2]
PedigoDigital.exe: 000004B4: 16:01:26 []:Error deleting file: "D:\Projetos\2021\PedidoDigital\retaguarda\Win32\Release\cache\pedigodigital_exe\res\__6C9F691883E99EC6F0891002.png" [OS Error:5]
PedigoDigital.exe: 0000327C: 16:01:26 []:Error deleting file: "D:\Projetos\2021\PedidoDigital\retaguarda\Win32\Release\cache\pedigodigital_exe\res\__6FD42808BD1832762CEC5ACD.png" [OS Error:2]
PedigoDigital.exe: 0000327C: 16:01:26 []:Error deleting file: "D:\Projetos\2021\PedidoDigital\retaguarda\Win32\Release\cache\pedigodigital_exe\res\__70432E7E172E5B9087718D49.png" [OS Error:2]
PedigoDigital.exe: 0000327C: 16:01:26 []:Error deleting file: "D:\Projetos\2021\PedidoDigital\retaguarda\Win32\Release\cache\pedigodigital_exe\res\__7790C742EB03A4BE62946B73.png" [OS Error:5]
PedigoDigital.exe: 000004B4: 16:01:26 []:Error deleting file: "D:\Projetos\2021\PedidoDigital\retaguarda\Win32\Release\cache\pedigodigital_exe\res\__79AEE69BA34AEA291CF9D145.png" [OS Error:5]
PedigoDigital.exe: 000004B4: 16:01:26 []:Error deleting file: "D:\Projetos\2021\PedidoDigital\retaguarda\Win32\Release\cache\pedigodigital_exe\res\__7BAE6D9C11CF82678D7DF004.png" [OS Error:2]
PedigoDigital.exe: 000004B4: 16:01:26 []:Error deleting file: "D:\Projetos\2021\PedidoDigital\retaguarda\Win32\Release\cache\pedigodigital_exe\res\__7E0E8D694D740A10CB829713.png" [OS Error:5]
PedigoDigital.exe: 0000327C: 16:01:26 []:Error deleting file: "D:\Projetos\2021\PedidoDigital\retaguarda\Win32\Release\cache\pedigodigital_exe\res\__8005997F9AE603851AEB9B2D.png" [OS Error:2]
PedigoDigital.exe: 0000327C: 16:01:26 []:Error deleting file: "D:\Projetos\2021\PedidoDigital\retaguarda\Win32\Release\cache\pedigodigital_exe\res\__801EB3B0CE2D90A54E4C4775.png" [OS Error:5]
PedigoDigital.exe: 000004B4: 16:01:26 []:Error deleting file: "D:\Projetos\2021\PedidoDigital\retaguarda\Win32\Release\cache\pedigodigital_exe\res\__8296B4D0279264B4AA291AED.png" [OS Error:2]
PedigoDigital.exe: 000004B4: 16:01:26 []:Error deleting file: "D:\Projetos\2021\PedidoDigital\retaguarda\Win32\Release\cache\pedigodigital_exe\res\__843DA61180FBBFCD05396291.png" [OS Error:2]
PedigoDigital.exe: 000004B4: 16:01:26 []:Error deleting file: "D:\Projetos\2021\PedidoDigital\retaguarda\Win32\Release\cache\pedigodigital_exe\res\__85570E5F001AF74885720B21.png" [OS Error:5]
PedigoDigital.exe: 0000327C: 16:01:26 []:Error deleting file: "D:\Projetos\2021\PedidoDigital\retaguarda\Win32\Release\cache\pedigodigital_exe\res\__857DD170625FCDD5E7DD9F09.png" [OS Error:2]
PedigoDigital.exe: 0000327C: 16:01:26 []:Error deleting file: "D:\Projetos\2021\PedidoDigital\retaguarda\Win32\Release\cache\pedigodigital_exe\res\__858FBEF560E4A291E6746006.png" [OS Error:5]
PedigoDigital.exe: 000004B4: 16:01:26 []:Error deleting file: "D:\Projetos\2021\PedidoDigital\retaguarda\Win32\Release\cache\pedigodigital_exe\res\__8AAE599A2676A6A1B12503B4.png" [OS Error:2]
PedigoDigital.exe: 000004B4: 16:01:26 []:Error deleting file: "D:\Projetos\2021\PedidoDigital\retaguarda\Win32\Release\cache\pedigodigital_exe\res\__8B89D64C38C1F35CC44BCB1D.png" [OS Error:2]
PedigoDigital.exe: 000004B4: 16:01:27 []:Error deleting file: "D:\Projetos\2021\PedidoDigital\retaguarda\Win32\Release\cache\pedigodigital_exe\res\__8BC0D8950A01CFAB95C2A8DE.png" [OS Error:2]
PedigoDigital.exe: 000004B4: 16:01:27 []:Error deleting file: "D:\Projetos\2021\PedidoDigital\retaguarda\Win32\Release\cache\pedigodigital_exe\res\__8C9E2D48BC45F2FD48E420BF.png" [OS Error:2]
PedigoDigital.exe: 000004B4: 16:01:27 []:Error deleting file: "D:\Projetos\2021\PedidoDigital\retaguarda\Win32\Release\cache\pedigodigital_exe\res\__9078E3484FEC49F0E0652DDA.png" [OS Error:2]
PedigoDigital.exe: 000004B4: 16:01:27 []:Error deleting file: "D:\Projetos\2021\PedidoDigital\retaguarda\Win32\Release\cache\pedigodigital_exe\res\__90AF4932D478AFE26527FA55.png" [OS Error:2]
PedigoDigital.exe: 000004B4: 16:01:27 []:Error deleting file: "D:\Projetos\2021\PedidoDigital\retaguarda\Win32\Release\cache\pedigodigital_exe\res\__92538F34604290ECF2961EDA.png" [OS Error:2]
PedigoDigital.exe: 000004B4: 16:01:27 []:Error deleting file: "D:\Projetos\2021\PedidoDigital\retaguarda\Win32\Release\cache\pedigodigital_exe\res\__9C7BCB80F12775A68DA34439.png" [OS Error:5]
PedigoDigital.exe: 000004B4: 16:01:27 []:Error deleting file: "D:\Projetos\2021\PedidoDigital\retaguarda\Win32\Release\cache\pedigodigital_exe\res\__9DA4A5292CB2A94BCA574E67.png" [OS Error:2]
PedigoDigital.exe: 000004B4: 16:01:27 []:Error deleting file: "D:\Projetos\2021\PedidoDigital\retaguarda\Win32\Release\cache\pedigodigital_exe\res\__A11866C751AF69C6F2C7D0CB.png" [OS Error:2]
PedigoDigital.exe: 000004B4: 16:01:27 []:Error deleting file: "D:\Projetos\2021\PedidoDigital\retaguarda\Win32\Release\cache\pedigodigital_exe\res\__A13C98BAA002B6BD413FCAD4.png" [OS Error:2]
PedigoDigital.exe: 000004B4: 16:01:27 []:Error deleting file: "D:\Projetos\2021\PedidoDigital\retaguarda\Win32\Release\cache\pedigodigital_exe\res\__AABC6520656562B41021C937.png" [OS Error:2]
PedigoDigital.exe: 000004B4: 16:01:27 []:Error deleting file: "D:\Projetos\2021\PedidoDigital\retaguarda\Win32\Release\cache\pedigodigital_exe\res\__ACF9FDBEB48389DB617D8A42.png" [OS Error:2]
PedigoDigital.exe: 000004B4: 16:01:28 []:Error deleting file: "D:\Projetos\2021\PedidoDigital\retaguarda\Win32\Release\cache\pedigodigital_exe\res\__ADA7363AAAFF1B6458A653F3.png" [OS Error:2]
PedigoDigital.exe: 000004B4: 16:01:28 []:Error deleting file: "D:\Projetos\2021\PedidoDigital\retaguarda\Win32\Release\cache\pedigodigital_exe\res\__ADE4258668FF95DB16E3BD14.png" [OS Error:2]
PedigoDigital.exe: 000004B4: 16:01:28 []:Error deleting file: "D:\Projetos\2021\PedidoDigital\retaguarda\Win32\Release\cache\pedigodigital_exe\res\__ADFAB95C51C17700FFBC3385.png" [OS Error:2]
PedigoDigital.exe: 000004B4: 16:01:28 []:Error deleting file: "D:\Projetos\2021\PedidoDigital\retaguarda\Win32\Release\cache\pedigodigital_exe\res\__AE363199B292355560C8666E.png" [OS Error:2]
PedigoDigital.exe: 000004B4: 16:01:28 []:Error deleting file: "D:\Projetos\2021\PedidoDigital\retaguarda\Win32\Release\cache\pedigodigital_exe\res\__AECDAECE01449225B01243E3.png" [OS Error:2]
PedigoDigital.exe: 000004B4: 16:01:28 []:Error deleting file: "D:\Projetos\2021\PedidoDigital\retaguarda\Win32\Release\cache\pedigodigital_exe\res\__B0E21D89D25C5CAE833E7BF7.png" [OS Error:2]
PedigoDigital.exe: 000004B4: 16:01:28 []:Error deleting file: "D:\Projetos\2021\PedidoDigital\retaguarda\Win32\Release\cache\pedigodigital_exe\res\__B27A19F77C399A2A2EB3B595.png" [OS Error:2]
PedigoDigital.exe: 000004B4: 16:01:28 []:Error deleting file: "D:\Projetos\2021\PedidoDigital\retaguarda\Win32\Release\cache\pedigodigital_exe\res\__B69DF387D2522F5488F022EA.png" [OS Error:2]
PedigoDigital.exe: 000004B4: 16:01:28 []:Error deleting file: "D:\Projetos\2021\PedidoDigital\retaguarda\Win32\Release\cache\pedigodigital_exe\res\__B90E15FF54C091BA0DCEA70C.png" [OS Error:2]
PedigoDigital.exe: 000004B4: 16:01:28 []:Error deleting file: "D:\Projetos\2021\PedidoDigital\retaguarda\Win32\Release\cache\pedigodigital_exe\res\__BAD52BD344FB33C4FFD06208.png" [OS Error:2]
PedigoDigital.exe: 000004B4: 16:01:28 []:Error deleting file: "D:\Projetos\2021\PedidoDigital\retaguarda\Win32\Release\cache\pedigodigital_exe\res\__BFB24EFC36A4530CFBE9FEE0.png" [OS Error:2]
PedigoDigital.exe: 000004B4: 16:01:29 []:Error deleting file: "D:\Projetos\2021\PedidoDigital\retaguarda\Win32\Release\cache\pedigodigital_exe\res\__BFFDE37909EDAFB0C9EB93A6.png" [OS Error:2]
PedigoDigital.exe: 000004B4: 16:01:29 []:Error deleting file: "D:\Projetos\2021\PedidoDigital\retaguarda\Win32\Release\cache\pedigodigital_exe\res\__C1F53CDCF9A40A66BB994894.png" [OS Error:2]
PedigoDigital.exe: 000004B4: 16:01:29 []:Error deleting file: "D:\Projetos\2021\PedidoDigital\retaguarda\Win32\Release\cache\pedigodigital_exe\res\__C344C2AC961388C659584C67.png" [OS Error:2]
PedigoDigital.exe: 000004B4: 16:01:29 []:Error deleting file: "D:\Projetos\2021\PedidoDigital\retaguarda\Win32\Release\cache\pedigodigital_exe\res\__C46F9866633254A727A1EB65.png" [OS Error:2]
PedigoDigital.exe: 0000327C: 16:01:29 [TUniServerModule]:Global Cache Folder Erased. <114> Files deleted.
PedigoDigital.exe: 000004B4: 16:01:29 []:Error deleting file: "D:\Projetos\2021\PedidoDigital\retaguarda\Win32\Release\cache\pedigodigital_exe\res\__C70831C27D566DBD445EA0D0.png" [OS Error:5]
PedigoDigital.exe: 000004B4: 16:01:29 []:Error deleting file: "D:\Projetos\2021\PedidoDigital\retaguarda\Win32\Release\cache\pedigodigital_exe\res\__CC87810E51A042091E27C519.png" [OS Error:5]
PedigoDigital.exe: 000004B4: 16:01:29 []:Error deleting file: "D:\Projetos\2021\PedidoDigital\retaguarda\Win32\Release\cache\pedigodigital_exe\res\__CD34E8F76893ED6E36BEFF40.png" [OS Error:5]
PedigoDigital.exe: 000004B4: 16:01:29 []:Error deleting folder: "D:\Projetos\2021\PedidoDigital\retaguarda\Win32\Release\cache\pedigodigital_exe\res\" [OS Error:2]
PedigoDigital.exe: 000004B4: 16:01:29 [TUniServerModule]:Global Cache Folder Erased. <33> Files deleted.
PedigoDigital.exe: 0000327C: 16:01:29 [TUniServerModule]:Starting HTTP Server on Port: 4040...
PedigoDigital.exe: 000004B4: 16:01:29 [TUniServerModule]:Starting HTTP Server on Port: 4040...
PedigoDigital.exe: 0000327C: 16:01:29 [TUniServerModule]:HTTP Server Started on Port: 4040
PedigoDigital.exe: 000004B4: 16:01:29 [InitWebServer]:EIdCouldNotBindSocket : Could not bind socket. : Addr: $00707909
PedigoDigital.exe: 0000327C: 16:01:41 [TUniServerModule]:Shutting Down Server.
PedigoDigital.exe: 0000327C: 16:01:41 [TUniServerModule]:Stopping HTTP Server.
PedigoDigital.exe: 0000327C: 16:01:41 [TUniServerModule]:HTTP Server Stopped.
PedigoDigital.exe: 0000327C: 16:01:41 [TUniGUISessionManager]:Terminating Session manager.
PedigoDigital.exe: 0000327C: 16:01:41 [TUniGUISessionManager]:Stopping Cache Eraser...
PedigoDigital.exe: 0000327C: 16:01:41 [TUniGUISessionManager]:Cache Eraser Stopped.
PedigoDigital.exe: 0000327C: 16:01:41 [TUniGUISessionManager]:Destroying Worker Threads.
PedigoDigital.exe: 0000327C: 16:01:41 [TUniGUISessionManager]:Session manager terminated.
PedigoDigital.exe: 0000327C: 16:01:41 [TUniServerModule]:Server Shutdown Completed.
PedigoDigital.exe: 0000327C: 16:01:41 []:<-------------------------------------------------------------->
PedigoDigital.exe: 0000327C: 16:01:41 [Terminated]:Exit Code: 0
PedigoDigital.exe: 000004B4: 16:01:44 [TUniServerModule]:Shutting Down Server.
PedigoDigital.exe: 000004B4: 16:01:44 [TUniServerModule]:Stopping HTTP Server.
PedigoDigital.exe: 000004B4: 16:01:44 [TUniServerModule]:HTTP Server Stopped.
PedigoDigital.exe: 000004B4: 16:01:44 [TUniGUISessionManager]:Terminating Session manager.
PedigoDigital.exe: 000004B4: 16:01:44 [TUniGUISessionManager]:Stopping Cache Eraser...
PedigoDigital.exe: 000004B4: 16:01:44 [TUniGUISessionManager]:Cache Eraser Stopped.
PedigoDigital.exe: 000004B4: 16:01:44 [TUniGUISessionManager]:Destroying Worker Threads.
PedigoDigital.exe: 000004B4: 16:01:44 [TUniGUISessionManager]:Session manager terminated.
PedigoDigital.exe: 000004B4: 16:01:44 [TUniServerModule]:Server Shutdown Completed.
PedigoDigital.exe: 000004B4: 16:01:44 []:<-------------------------------------------------------------->
PedigoDigital.exe: 000004B4: 16:01:44 [Terminated]:Exit Code: 0
PedigoDigital.exe: 000005F8: 16:01:48 []:>--------------------------------------------------------------<
PedigoDigital.exe: 000005F8: 16:01:48 [TUniServerModule]:Server First Init.
PedigoDigital.exe: 000005F8: 16:01:48 [TUniServerModule]:Starting HTTP Server on Port: 4040...
PedigoDigital.exe: 000005F8: 16:01:48 [TUniServerModule]:HTTP Server Started on Port: 4040
PedigoDigital.exe: 000005F8: 16:01:52 [TUniServerModule]:Shutting Down Server.
PedigoDigital.exe: 000005F8: 16:01:52 [TUniServerModule]:Stopping HTTP Server.
PedigoDigital.exe: 000005F8: 16:01:52 [TUniServerModule]:HTTP Server Stopped.
PedigoDigital.exe: 000005F8: 16:01:52 [TUniGUISessionManager]:Terminating Session manager.
PedigoDigital.exe: 000005F8: 16:01:52 [TUniGUISessionManager]:Stopping Cache Eraser...
PedigoDigital.exe: 000005F8: 16:01:52 [TUniGUISessionManager]:Cache Eraser Stopped.
PedigoDigital.exe: 000005F8: 16:01:52 [TUniGUISessionManager]:Destroying Worker Threads.
PedigoDigital.exe: 000005F8: 16:01:52 [TUniGUISessionManager]:Session manager terminated.
PedigoDigital.exe: 000005F8: 16:01:52 [TUniServerModule]:Server Shutdown Completed.
PedigoDigital.exe: 000005F8: 16:01:52 []:<-------------------------------------------------------------->
PedigoDigital.exe: 000005F8: 16:01:52 [Terminated]:Exit Code: 0
PedigoDigital.exe: 0000358C: 16:02:12 []:>--------------------------------------------------------------<
PedigoDigital.exe: 0000358C: 16:02:12 [TUniServerModule]:Server First Init.
PedigoDigital.exe: 0000358C: 16:02:12 [TUniServerModule]:Starting HTTP Server on Port: 4040...
PedigoDigital.exe: 0000358C: 16:02:12 [TUniServerModule]:HTTP Server Started on Port: 4040
PedigoDigital.exe: 000027D0: 16:02:15 [192.168.0.96]:EUniSessionException : Invalid session or session Timeout. (Session not found: 2aVyyfBFQL1080EFA87 ) : Addr: $0080E806
PedigoDigital.exe: 00002CD8: 16:02:18 [192.168.0.96]:EUniSessionException : Invalid session or session Timeout. (Session not found: ff2MRPCBVa1080EFA63 ) : Addr: $0080E806
PedigoDigital.exe: 00002F20: 16:02:22 [TUniGUIServerModule.AppHandleException-]:EAccessViolation : Access violation at address 007D827C in module 'PedigoDigital.exe'. Read of address 00000064 : Addr: $007D827C
PedigoDigital.exe: 00001C9C: 16:05:22 []:>--------------------------------------------------------------<
PedigoDigital.exe: 00001C9C: 16:05:22 [TUniServerModule]:Server First Init.
PedigoDigital.exe: 00001C9C: 16:05:22 [TUniServerModule]:Global Cache Folder Erased. <1> Files deleted.
PedigoDigital.exe: 00001C9C: 16:05:22 [TUniServerModule]:Starting HTTP Server on Port: 4040...
PedigoDigital.exe: 00001C9C: 16:05:22 [TUniServerModule]:HTTP Server Started on Port: 4040
PedigoDigital.exe: 000012C8: 16:05:30 [HandleFileRequest[192.168.0.96]]:File not found: C:\Program Files (x86)\FMSoft\Framework\unigui\ext-7.0.0\build\classic\locale\locale-.js
PedigoDigital.exe: 00001F28: 16:05:30 [HandleFileRequest[192.168.0.96]]:File not found: C:\Program Files (x86)\FMSoft\Framework\unigui\ext-7.0.0\build\classic\locale\locale-.js
PedigoDigital.exe: 000001F4: 16:05:32 [HandleFileRequest[192.168.0.96]]:File not found: D:\Projetos\2021\PedidoDigital\retaguarda\Win32\Release\favicon.ico
PedigoDigital.exe: 00003F14: 16:06:37 [TUniGUIServerModule.AppHandleException-]:EAccessViolation : Access violation at address 007D827C in module 'PedigoDigital.exe'. Read of address 00000064 : Addr: $007D827C
PedigoDigital.exe: 00003F14: 16:06:37 [TUniGUIServerModule.AppHandleException-]:EAccessViolation : Access violation at address 007D827C in module 'PedigoDigital.exe'. Read of address 00000064 : Addr: $007D827C
PedigoDigital.exe: 00001528: 16:06:39 [HandleFileRequest[192.168.0.96]]:File not found: C:\Program Files (x86)\FMSoft\Framework\unigui\ext-7.0.0\build\classic\locale\locale-.js
PedigoDigital.exe: 00003060: 16:06:40 [HandleFileRequest[192.168.0.96]]:File not found: C:\Program Files (x86)\FMSoft\Framework\unigui\ext-7.0.0\build\classic\locale\locale-.js
PedigoDigital.exe: 00001B18: 16:06:40 [HandleFileRequest[192.168.0.96]]:File not found: D:\Projetos\2021\PedidoDigital\retaguarda\Win32\Release\favicon.ico
PedigoDigital.exe: 00001C9C: 16:08:56 [TUniServerModule]:Shutting Down Server.
PedigoDigital.exe: 00001C9C: 16:08:56 [TUniServerModule]:Stopping HTTP Server.
PedigoDigital.exe: 00001C9C: 16:08:57 [TUniServerModule]:HTTP Server Stopped.
PedigoDigital.exe: 00001C9C: 16:08:57 [TUniGUISessionManager]:Terminating Session manager.
PedigoDigital.exe: 00001C9C: 16:08:57 [TUniGUISessionManager]:Stopping Cache Eraser...
PedigoDigital.exe: 00001C9C: 16:08:57 [TUniGUISessionManager]:Cache Eraser Stopped.
PedigoDigital.exe: 00001C9C: 16:08:57 [TUniGUIServerModule.AppHandleException-]:EAccessViolation : Access violation at address 007D827C in module 'PedigoDigital.exe'. Read of address 00000064 : Addr: $007D827C
PedigoDigital.exe: 00001C9C: 16:08:57 [TUniGUIServerModule.AppHandleException-]:EAccessViolation : Access violation at address 007D827C in module 'PedigoDigital.exe'. Read of address 00000064 : Addr: $007D827C
PedigoDigital.exe: 00001C9C: 16:08:57 [TUniGUISessionManager]:Destroying Worker Threads.
PedigoDigital.exe: 00001C9C: 16:08:57 [TUniGUISessionManager]:Session manager terminated.
PedigoDigital.exe: 00001C9C: 16:09:03 [TUniServerModule]:Server Shutdown Completed.
PedigoDigital.exe: 00001C9C: 16:09:03 []:<-------------------------------------------------------------->
PedigoDigital.exe: 00001C9C: 16:09:03 [Terminated]:Exit Code: 0
PedigoDigital.exe: 00002574: 16:09:28 []:>--------------------------------------------------------------<
PedigoDigital.exe: 00002574: 16:09:28 [TUniServerModule]:Server First Init.
PedigoDigital.exe: 00002574: 16:09:28 [TUniServerModule]:Starting HTTP Server on Port: 4040...
PedigoDigital.exe: 00002574: 16:09:28 [TUniServerModule]:HTTP Server Started on Port: 4040
PedigoDigital.exe: 00002574: 16:09:33 [TUniServerModule]:Shutting Down Server.
PedigoDigital.exe: 00002574: 16:09:33 [TUniServerModule]:Stopping HTTP Server.
PedigoDigital.exe: 00002574: 16:09:34 [TUniServerModule]:HTTP Server Stopped.
PedigoDigital.exe: 00002574: 16:09:34 [TUniGUISessionManager]:Terminating Session manager.
PedigoDigital.exe: 00002574: 16:09:34 [TUniGUISessionManager]:Stopping Cache Eraser...
PedigoDigital.exe: 00002574: 16:09:34 [TUniGUISessionManager]:Cache Eraser Stopped.
PedigoDigital.exe: 00002574: 16:09:34 [TUniGUISessionManager]:Destroying Worker Threads.
PedigoDigital.exe: 00002574: 16:09:34 [TUniGUISessionManager]:Session manager terminated.
PedigoDigital.exe: 00002574: 16:09:34 [TUniServerModule]:Server Shutdown Completed.
PedigoDigital.exe: 00002574: 16:09:34 []:<-------------------------------------------------------------->
PedigoDigital.exe: 00002574: 16:09:34 [Terminated]:Exit Code: 0
PedigoDigital.exe: 00001078: 16:09:41 []:>--------------------------------------------------------------<
PedigoDigital.exe: 00001078: 16:09:41 [TUniServerModule]:Server First Init.
PedigoDigital.exe: 00001078: 16:09:41 [TUniServerModule]:Starting HTTP Server on Port: 4040...
PedigoDigital.exe: 00001078: 16:09:41 [TUniServerModule]:HTTP Server Started on Port: 4040
PedigoDigital.exe: 00002A70: 16:09:47 [HandleFileRequest[127.0.0.1]]:File not found: C:\Program Files (x86)\FMSoft\Framework\unigui\ext-7.0.0\build\classic\locale\locale-.js
PedigoDigital.exe: 000036C8: 16:09:48 [HandleFileRequest[127.0.0.1]]:File not found: C:\Program Files (x86)\FMSoft\Framework\unigui\ext-7.0.0\build\classic\locale\locale-.js
PedigoDigital.exe: 00000430: 16:09:49 [HandleFileRequest[127.0.0.1]]:File not found: D:\Projetos\2021\PedidoDigital\retaguarda\Win32\Release\favicon.ico
PedigoDigital.exe: 00002098: 16:09:56 [TUniGUIServerModule.AppHandleException-]:EAccessViolation : Access violation at address 007D827C in module 'PedigoDigital.exe'. Read of address 00000064 : Addr: $007D827C
PedigoDigital.exe: 00001078: 16:12:10 [TUniServerModule]:Shutting Down Server.
PedigoDigital.exe: 00001078: 16:12:10 [TUniServerModule]:Stopping HTTP Server.
PedigoDigital.exe: 00001078: 16:12:10 [TUniServerModule]:HTTP Server Stopped.
PedigoDigital.exe: 00001078: 16:12:10 [TUniGUISessionManager]:Terminating Session manager.
PedigoDigital.exe: 00001078: 16:12:10 [TUniGUISessionManager]:Stopping Cache Eraser...
PedigoDigital.exe: 00001078: 16:12:10 [TUniGUISessionManager]:Cache Eraser Stopped.
PedigoDigital.exe: 00001078: 16:12:10 [TUniGUISessionManager]:Destroying Worker Threads.
PedigoDigital.exe: 00001078: 16:12:10 [TUniGUISessionManager]:Session manager terminated.
PedigoDigital.exe: 00001078: 16:12:10 [TUniServerModule]:Server Shutdown Completed.
PedigoDigital.exe: 00001078: 16:12:10 []:<-------------------------------------------------------------->
PedigoDigital.exe: 00001078: 16:12:10 [Terminated]:Exit Code: 0
PedigoDigital.exe: 000024F8: 16:16:32 []:>--------------------------------------------------------------<
PedigoDigital.exe: 000024F8: 16:16:32 [TUniServerModule]:Server First Init.
PedigoDigital.exe: 000024F8: 16:16:32 [TUniServerModule]:Starting HTTP Server on Port: 4040...
PedigoDigital.exe: 000024F8: 16:16:32 [TUniServerModule]:HTTP Server Started on Port: 4040
PedigoDigital.exe: 00003318: 16:16:32 [192.168.0.96]:EUniSessionException : Invalid session or session Timeout. (Session not found: pn42mW1F3y1080EFC61 ) : Addr: $008217BA
PedigoDigital.exe: 00002244: 16:16:52 [TUniGUIServerModule.AppHandleException-]:EAccessViolation : Access violation at address 007EB230 in module 'PedigoDigital.exe'. Read of address 00000064 : Addr: $007EB230
PedigoDigital.exe: 00003E44: 16:17:02 [192.168.0.96]:EUniSessionException : Invalid session or session Timeout. (Session not found: Csh1tHqiLZ1080EFC59 ) : Addr: $008217BA
PedigoDigital.exe: 000038C4: 16:17:06 [HandleFileRequest[192.168.0.96]]:File not found: C:\Program Files (x86)\FMSoft\Framework\unigui\ext-7.0.0\build\classic\locale\locale-.js
PedigoDigital.exe: 00001248: 16:17:06 [HandleFileRequest[192.168.0.96]]:File not found: C:\Program Files (x86)\FMSoft\Framework\unigui\ext-7.0.0\build\classic\locale\locale-.js
PedigoDigital.exe: 00003D7C: 16:19:17 []:>--------------------------------------------------------------<
PedigoDigital.exe: 00003D7C: 16:19:17 [TUniServerModule]:Server First Init.
PedigoDigital.exe: 00003D7C: 16:19:21 [TUniServerModule]:Global Cache Folder Erased. <156> Files deleted.
PedigoDigital.exe: 00003D7C: 16:19:21 [TUniServerModule]:Starting HTTP Server on Port: 4040...
PedigoDigital.exe: 00003D7C: 16:19:21 [TUniServerModule]:HTTP Server Started on Port: 4040
PedigoDigital.exe: 00002FB4: 16:19:21 [192.168.0.96]:EUniSessionException : Invalid session or session Timeout. (Session not found: OhznAcotaQ1080EFF1A ) : Addr: $008217BA
PedigoDigital.exe: 0000200C: 16:20:23 []:>--------------------------------------------------------------<
PedigoDigital.exe: 0000200C: 16:20:23 [TUniServerModule]:Server First Init.
PedigoDigital.exe: 0000200C: 16:20:23 [TUniServerModule]:Global Cache Folder Erased. <5> Files deleted.
PedigoDigital.exe: 0000200C: 16:20:23 [TUniServerModule]:Starting HTTP Server on Port: 4040...
PedigoDigital.exe: 0000200C: 16:20:23 [TUniServerModule]:HTTP Server Started on Port: 4040
PedigoDigital.exe: 00000168: 16:20:30 []:>--------------------------------------------------------------<
PedigoDigital.exe: 00000168: 16:20:30 [TUniServerModule]:Server First Init.
PedigoDigital.exe: 00000168: 16:20:30 [TUniServerModule]:Global Cache Folder Erased. <1> Files deleted.
PedigoDigital.exe: 00000168: 16:20:30 [TUniServerModule]:Starting HTTP Server on Port: 4040...
PedigoDigital.exe: 00000168: 16:20:30 [TUniServerModule]:HTTP Server Started on Port: 4040
PedigoDigital.exe: 000017E0: 16:20:37 [192.168.0.96]:EUniSessionException : Invalid session or session Timeout. (Session not found: tE9y6jVhSD1080EFFCB ) : Addr: $008217BA
PedigoDigital.exe: 00000A54: 16:24:07 []:>--------------------------------------------------------------<
PedigoDigital.exe: 00000A54: 16:24:07 [TUniServerModule]:Server First Init.
PedigoDigital.exe: 00000A54: 16:24:07 [TUniServerModule]:Global Cache Folder Erased. <7> Files deleted.
PedigoDigital.exe: 00000A54: 16:24:07 [TUniServerModule]:Starting HTTP Server on Port: 4040...
PedigoDigital.exe: 00000A54: 16:24:07 [TUniServerModule]:HTTP Server Started on Port: 4040
PedigoDigital.exe: 000036D0: 16:24:31 [192.168.0.96]:EUniSessionException : Invalid session or session Timeout. (Session not found: a2uxfrq8J51080F0023 ) : Addr: $008217BA
PedigoDigital.exe: 00002094: 16:24:55 []:>--------------------------------------------------------------<
PedigoDigital.exe: 00002094: 16:24:55 [TUniServerModule]:Server First Init.
PedigoDigital.exe: 00002094: 16:24:55 [TUniServerModule]:Global Cache Folder Erased. <5> Files deleted.
PedigoDigital.exe: 00002094: 16:24:56 [TUniServerModule]:Starting HTTP Server on Port: 4040...
PedigoDigital.exe: 00002094: 16:24:56 [TUniServerModule]:HTTP Server Started on Port: 4040
PedigoDigital.exe: 00003908: 16:24:57 [192.168.0.96]:EUniSessionException : Invalid session or session Timeout. (Session not found: tT7o8POiMr1080F0131 ) : Addr: $008217BA
PedigoDigital.exe: 00003C50: 16:26:45 []:>--------------------------------------------------------------<
PedigoDigital.exe: 00003C50: 16:26:45 [TUniServerModule]:Server First Init.
PedigoDigital.exe: 00003C50: 16:26:45 [TUniServerModule]:Global Cache Folder Erased. <7> Files deleted.
PedigoDigital.exe: 00003C50: 16:26:45 [TUniServerModule]:Starting HTTP Server on Port: 4040...
PedigoDigital.exe: 00003C50: 16:26:45 [TUniServerModule]:HTTP Server Started on Port: 4040
PedigoDigital.exe: 00000DA4: 16:26:46 [192.168.0.96]:EUniSessionException : Invalid session or session Timeout. (Session not found: 6Xkc2X3QkM1080F0150 ) : Addr: $008217BA
PedigoDigital.exe: 00001BFC: 16:27:06 [HandleFileRequest[192.168.0.96]]:File not found: C:\Program Files (x86)\FMSoft\Framework\unigui\ext-7.0.0\build\modern\theme-ios\resources\fonts\OpenSans-Regular.ttf
PedigoDigital.exe: 000024B8: 16:27:38 []:>--------------------------------------------------------------<
PedigoDigital.exe: 000024B8: 16:27:38 [TUniServerModule]:Server First Init.
PedigoDigital.exe: 000024B8: 16:27:39 [TUniServerModule]:Global Cache Folder Erased. <9> Files deleted.
PedigoDigital.exe: 000024B8: 16:27:39 [TUniServerModule]:Starting HTTP Server on Port: 4040...
PedigoDigital.exe: 000024B8: 16:27:39 [TUniServerModule]:HTTP Server Started on Port: 4040
PedigoDigital.exe: 000021C8: 16:27:40 [192.168.0.96]:EUniSessionException : Invalid session or session Timeout. (Session not found: ZoWaYZWeZI1080EFF2D ) : Addr: $008217BA
PedigoDigital.exe: 000033D8: 16:27:40 [HandleFileRequest[192.168.0.96]]:File not found: C:\Program Files (x86)\FMSoft\Framework\unigui\ext-7.0.0\build\classic\locale\locale-.js
PedigoDigital.exe: 000037E4: 16:27:40 [HandleFileRequest[192.168.0.96]]:File not found: C:\Program Files (x86)\FMSoft\Framework\unigui\ext-7.0.0\build\classic\locale\locale-.js
PedigoDigital.exe: 00003570: 16:32:24 []:>--------------------------------------------------------------<
PedigoDigital.exe: 00003570: 16:32:24 [TUniServerModule]:Server First Init.
PedigoDigital.exe: 00003570: 16:32:29 [TUniServerModule]:Global Cache Folder Erased. <155> Files deleted.
PedigoDigital.exe: 00003570: 16:32:29 [TUniServerModule]:Starting HTTP Server on Port: 4040...
PedigoDigital.exe: 00003570: 16:32:29 [TUniServerModule]:HTTP Server Started on Port: 4040
PedigoDigital.exe: 00000904: 16:32:33 [HandleFileRequest[192.168.0.96]]:File not found: C:\Program Files (x86)\FMSoft\Framework\unigui\ext-7.0.0\build\classic\locale\locale-.js
PedigoDigital.exe: 00003A0C: 16:32:34 [HandleFileRequest[192.168.0.96]]:File not found: C:\Program Files (x86)\FMSoft\Framework\unigui\ext-7.0.0\build\classic\locale\locale-.js
PedigoDigital.exe: 00003BE0: 16:33:04 [TUniGUIServerModule.AppHandleException-]:EAccessViolation : Access violation at address 007EB230 in module 'PedigoDigital.exe'. Read of address 00000064 : Addr: $007EB230
PedigoDigital.exe: 00003BE0: 16:33:14 [TUniGUIServerModule.AppHandleException-]:EAccessViolation : Access violation at address 007EB230 in module 'PedigoDigital.exe'. Read of address 00000064 : Addr: $007EB230
PedigoDigital.exe: 00002D2C: 16:33:14 [HandleFileRequest[192.168.0.96]]:File not found: C:\Program Files (x86)\FMSoft\Framework\unigui\ext-7.0.0\build\classic\locale\locale-.js
PedigoDigital.exe: 00002B60: 16:33:15 [HandleFileRequest[192.168.0.96]]:File not found: C:\Program Files (x86)\FMSoft\Framework\unigui\ext-7.0.0\build\classic\locale\locale-.js
PedigoDigital.exe: 00003BE0: 16:33:19 [TUniGUIServerModule.AppHandleException-]:EAccessViolation : Access violation at address 007EB230 in module 'PedigoDigital.exe'. Read of address 00000064 : Addr: $007EB230
PedigoDigital.exe: 00000B78: 16:33:25 [192.168.0.96]:EUniSessionException : Invalid session or session Timeout. (Session not found: bzjyHRDRS81080F01CD ) : Addr: $008217BA
PedigoDigital.exe: 00003BE0: 16:34:49 [TUniGUIServerModule.AppHandleException-]:EAccessViolation : Access violation at address 007EB230 in module 'PedigoDigital.exe'. Read of address 00000064 : Addr: $007EB230
PedigoDigital.exe: 00003A74: 16:34:50 [HandleFileRequest[192.168.0.96]]:File not found: C:\Program Files (x86)\FMSoft\Framework\unigui\ext-7.0.0\build\classic\locale\locale-.js
PedigoDigital.exe: 00001094: 16:34:50 [HandleFileRequest[192.168.0.96]]:File not found: C:\Program Files (x86)\FMSoft\Framework\unigui\ext-7.0.0\build\classic\locale\locale-.js
PedigoDigital.exe: 00003BE0: 16:34:54 [TUniGUIServerModule.AppHandleException-]:EAccessViolation : Access violation at address 007EB230 in module 'PedigoDigital.exe'. Read of address 00000064 : Addr: $007EB230
PedigoDigital.exe: 00003BE0: 16:36:29 [TUniGUIServerModule.AppHandleException-]:EAccessViolation : Access violation at address 007EB230 in module 'PedigoDigital.exe'. Read of address 00000064 : Addr: $007EB230
PedigoDigital.exe: 00003BE0: 16:36:44 [TUniGUIServerModule.AppHandleException-]:EAccessViolation : Access violation at address 007EB230 in module 'PedigoDigital.exe'. Read of address 00000064 : Addr: $007EB230
PedigoDigital.exe: 00003BE0: 16:36:44 [TUniGUIServerModule.AppHandleException-]:EAccessViolation : Access violation at address 007EB230 in module 'PedigoDigital.exe'. Read of address 00000064 : Addr: $007EB230
PedigoDigital.exe: 0000356C: 16:36:47 [HandleFileRequest[192.168.0.96]]:File not found: C:\Program Files (x86)\FMSoft\Framework\unigui\ext-7.0.0\build\classic\locale\locale-.js
PedigoDigital.exe: 00001E74: 16:36:48 [HandleFileRequest[192.168.0.96]]:File not found: C:\Program Files (x86)\FMSoft\Framework\unigui\ext-7.0.0\build\classic\locale\locale-.js
PedigoDigital.exe: 00003AC8: 16:36:48 [HandleFileRequest[192.168.0.96]]:File not found: D:\Projetos\2021\PedidoDigital\retaguarda\Win32\Release\favicon.ico
PedigoDigital.exe: 00002284: 16:37:23 [HandleFileRequest[192.168.0.96]]:File not found: C:\Program Files (x86)\FMSoft\Framework\unigui\ext-7.0.0\build\classic\locale\locale-.js
PedigoDigital.exe: 0000327C: 16:37:23 [HandleFileRequest[192.168.0.96]]:File not found: C:\Program Files (x86)\FMSoft\Framework\unigui\ext-7.0.0\build\classic\locale\locale-.js
PedigoDigital.exe: 00003BE0: 16:37:24 [TUniGUIServerModule.AppHandleException-]:EAccessViolation : Access violation at address 007EB230 in module 'PedigoDigital.exe'. Read of address 00000064 : Addr: $007EB230
PedigoDigital.exe: 00002250: 16:38:23 [HandleFileRequest[192.168.0.96]]:File not found: C:\Program Files (x86)\FMSoft\Framework\unigui\ext-7.0.0\build\classic\locale\locale-.js
PedigoDigital.exe: 00000F68: 16:38:24 [HandleFileRequest[192.168.0.96]]:File not found: C:\Program Files (x86)\FMSoft\Framework\unigui\ext-7.0.0\build\classic\locale\locale-.js
PedigoDigital.exe: 000032A4: 16:38:24 [HandleFileRequest[192.168.0.96]]:File not found: D:\Projetos\2021\PedidoDigital\retaguarda\Win32\Release\favicon.ico
PedigoDigital.exe: 0000103C: 16:40:05 []:>--------------------------------------------------------------<
PedigoDigital.exe: 0000103C: 16:40:05 [TUniServerModule]:Server First Init.
PedigoDigital.exe: 0000103C: 16:40:10 [TUniServerModule]:Global Cache Folder Erased. <166> Files deleted.
PedigoDigital.exe: 0000103C: 16:40:10 [TUniServerModule]:Starting HTTP Server on Port: 4040...
PedigoDigital.exe: 0000103C: 16:40:10 [TUniServerModule]:HTTP Server Started on Port: 4040
PedigoDigital.exe: 00002C70: 16:40:11 [192.168.0.96]:EUniSessionException : Invalid session or session Timeout. (Session not found: 6hernSVLCi1080F04AF ) : Addr: $008217BA
PedigoDigital.exe: 00002BB0: 16:40:11 [HandleFileRequest[192.168.0.96]]:File not found: C:\Program Files (x86)\FMSoft\Framework\unigui\ext-7.0.0\build\classic\locale\locale-.js
PedigoDigital.exe: 0000229C: 16:40:12 [HandleFileRequest[192.168.0.96]]:File not found: C:\Program Files (x86)\FMSoft\Framework\unigui\ext-7.0.0\build\classic\locale\locale-.js
PedigoDigital.exe: 0000026C: 16:43:20 [HandleFileRequest[192.168.0.96]]:File not found: C:\Program Files (x86)\FMSoft\Framework\unigui\ext-7.0.0\build\classic\locale\locale-.js
PedigoDigital.exe: 000014AC: 16:43:21 [HandleFileRequest[192.168.0.96]]:File not found: C:\Program Files (x86)\FMSoft\Framework\unigui\ext-7.0.0\build\classic\locale\locale-.js
PedigoDigital.exe: 00002128: 16:43:21 [HandleFileRequest[192.168.0.96]]:File not found: D:\Projetos\2021\PedidoDigital\retaguarda\Win32\Release\favicon.ico
PedigoDigital.exe: 00000AC0: 16:43:25 [TUniGUIServerModule.AppHandleException-]:EAccessViolation : Access violation at address 007EB230 in module 'PedigoDigital.exe'. Read of address 00000064 : Addr: $007EB230
PedigoDigital.exe: 00000AC0: 16:45:51 [TUniGUIServerModule.AppHandleException-]:EAccessViolation : Access violation at address 007EB230 in module 'PedigoDigital.exe'. Read of address 00000064 : Addr: $007EB230
PedigoDigital.exe: 00000AC0: 16:46:21 [TUniGUIServerModule.AppHandleException-]:EAccessViolation : Access violation at address 007EB230 in module 'PedigoDigital.exe'. Read of address 00000064 : Addr: $007EB230
PedigoDigital.exe: 00000AC0: 16:46:31 [TUniGUIServerModule.AppHandleException-]:EAccessViolation : Access violation at address 007EB230 in module 'PedigoDigital.exe'. Read of address 00000064 : Addr: $007EB230
PedigoDigital.exe: 00002234: 16:47:52 []:>--------------------------------------------------------------<
PedigoDigital.exe: 00002234: 16:47:52 [TUniServerModule]:Server First Init.
PedigoDigital.exe: 00002234: 16:47:52 [TUniServerModule]:Global Cache Folder Erased. <157> Files deleted.
PedigoDigital.exe: 00002234: 16:47:52 [TUniServerModule]:Starting HTTP Server on Port: 4040...
PedigoDigital.exe: 00002234: 16:47:52 [TUniServerModule]:HTTP Server Started on Port: 4040
PedigoDigital.exe: 000027D4: 16:47:53 [192.168.0.96]:EUniSessionException : Invalid session or session Timeout. (Session not found: iCClxfScib1080F0727 ) : Addr: $008217BA
PedigoDigital.exe: 000012AC: 16:48:47 [TUniGUIServerModule.AppHandleException-]:EAccessViolation : Access violation at address 007EB230 in module 'PedigoDigital.exe'. Read of address 00000064 : Addr: $007EB230
PedigoDigital.exe: 000012AC: 16:50:17 [TUniGUIServerModule.AppHandleException-]:EAccessViolation : Access violation at address 007EB230 in module 'PedigoDigital.exe'. Read of address 00000064 : Addr: $007EB230
PedigoDigital.exe: 000012AC: 16:52:02 [TUniGUIServerModule.AppHandleException-]:EAccessViolation : Access violation at address 007EB230 in module 'PedigoDigital.exe'. Read of address 00000064 : Addr: $007EB230
PedigoDigital.exe: 000012AC: 16:52:32 [TUniGUIServerModule.AppHandleException-]:EAccessViolation : Access violation at address 007EB230 in module 'PedigoDigital.exe'. Read of address 00000064 : Addr: $007EB230
PedigoDigital.exe: 000012AC: 16:52:47 [TUniGUIServerModule.AppHandleException-]:EAccessViolation : Access violation at address 007EB230 in module 'PedigoDigital.exe'. Read of address 00000064 : Addr: $007EB230
PedigoDigital.exe: 000012AC: 16:53:12 [TUniGUIServerModule.AppHandleException-]:EAccessViolation : Access violation at address 007EB230 in module 'PedigoDigital.exe'. Read of address 00000064 : Addr: $007EB230
PedigoDigital.exe: 000012AC: 16:53:57 [TUniGUIServerModule.AppHandleException-]:EAccessViolation : Access violation at address 007EB230 in module 'PedigoDigital.exe'. Read of address 00000064 : Addr: $007EB230
PedigoDigital.exe: 000012AC: 16:54:27 [TUniGUIServerModule.AppHandleException-]:EAccessViolation : Access violation at address 007EB230 in module 'PedigoDigital.exe'. Read of address 00000064 : Addr: $007EB230
PedigoDigital.exe: 000012AC: 16:54:47 [TUniGUIServerModule.AppHandleException-]:EAccessViolation : Access violation at address 007EB230 in module 'PedigoDigital.exe'. Read of address 00000064 : Addr: $007EB230
PedigoDigital.exe: 000012AC: 16:55:32 [TUniGUIServerModule.AppHandleException-]:EAccessViolation : Access violation at address 007EB230 in module 'PedigoDigital.exe'. Read of address 00000064 : Addr: $007EB230
PedigoDigital.exe: 000019C8: 16:55:33 [192.168.0.96]:EUniSessionException : Invalid session or session Timeout. (Session not found: KBNNL4escx1080F0571 ) : Addr: $008217BA
PedigoDigital.exe: 00002188: 16:55:33 [HandleFileRequest[192.168.0.96]]:File not found: C:\Program Files (x86)\FMSoft\Framework\unigui\ext-7.0.0\build\classic\locale\locale-.js
PedigoDigital.exe: 00001668: 16:55:33 [HandleFileRequest[192.168.0.96]]:File not found: C:\Program Files (x86)\FMSoft\Framework\unigui\ext-7.0.0\build\classic\locale\locale-.js
PedigoDigital.exe: 00002540: 16:55:54 [HandleFileRequest[192.168.0.96]]:File not found: C:\Program Files (x86)\FMSoft\Framework\unigui\ext-7.0.0\build\classic\locale\locale-.js
PedigoDigital.exe: 000024E0: 16:55:55 [HandleFileRequest[192.168.0.96]]:File not found: C:\Program Files (x86)\FMSoft\Framework\unigui\ext-7.0.0\build\classic\locale\locale-.js
PedigoDigital.exe: 000012AC: 16:55:57 [TUniGUIServerModule.AppHandleException-]:EAccessViolation : Access violation at address 007EB230 in module 'PedigoDigital.exe'. Read of address 00000064 : Addr: $007EB230
PedigoDigital.exe: 000012AC: 16:56:02 [TUniGUIServerModule.AppHandleException-]:EAccessViolation : Access violation at address 007EB230 in module 'PedigoDigital.exe'. Read of address 00000064 : Addr: $007EB230
PedigoDigital.exe: 000012AC: 16:56:22 [TUniGUIServerModule.AppHandleException-]:EAccessViolation : Access violation at address 007EB230 in module 'PedigoDigital.exe'. Read of address 00000064 : Addr: $007EB230
PedigoDigital.exe: 00002998: 16:56:25 [HandleFileRequest[192.168.0.96]]:File not found: C:\Program Files (x86)\FMSoft\Framework\unigui\ext-7.0.0\build\classic\locale\locale-.js
PedigoDigital.exe: 00003340: 16:56:25 [HandleFileRequest[192.168.0.96]]:File not found: C:\Program Files (x86)\FMSoft\Framework\unigui\ext-7.0.0\build\classic\locale\locale-.js
PedigoDigital.exe: 000012AC: 16:56:27 [TUniGUIServerModule.AppHandleException-]:EAccessViolation : Access violation at address 007EB230 in module 'PedigoDigital.exe'. Read of address 00000064 : Addr: $007EB230
PedigoDigital.exe: 000028E0: 16:57:43 [HandleFileRequest[192.168.0.96]]:File not found: C:\Program Files (x86)\FMSoft\Framework\unigui\ext-7.0.0\build\classic\locale\locale-.js
PedigoDigital.exe: 0000026C: 16:57:43 [HandleFileRequest[192.168.0.96]]:File not found: C:\Program Files (x86)\FMSoft\Framework\unigui\ext-7.0.0\build\classic\locale\locale-.js
PedigoDigital.exe: 000012AC: 16:57:47 [TUniGUIServerModule.AppHandleException-]:EAccessViolation : Access violation at address 007EB230 in module 'PedigoDigital.exe'. Read of address 00000064 : Addr: $007EB230
PedigoDigital.exe: 000012AC: 16:58:27 [TUniGUIServerModule.AppHandleException-]:EAccessViolation : Access violation at address 007EB230 in module 'PedigoDigital.exe'. Read of address 00000064 : Addr: $007EB230
PedigoDigital.exe: 000012AC: 16:58:27 [TUniGUIServerModule.AppHandleException-]:EAccessViolation : Access violation at address 007EB230 in module 'PedigoDigital.exe'. Read of address 00000064 : Addr: $007EB230
PedigoDigital.exe: 00001C8C: 16:59:59 [HandleFileRequest[192.168.0.96]]:File not found: C:\Program Files (x86)\FMSoft\Framework\unigui\ext-7.0.0\build\classic\locale\locale-.js
PedigoDigital.exe: 0000088C: 17:00:00 [HandleFileRequest[192.168.0.96]]:File not found: C:\Program Files (x86)\FMSoft\Framework\unigui\ext-7.0.0\build\classic\locale\locale-.js
PedigoDigital.exe: 00001790: 17:00:02 [HandleFileRequest[192.168.0.96]]:File not found: D:\Projetos\2021\PedidoDigital\retaguarda\Win32\Release\favicon.ico
PedigoDigital.exe: 00001C48: 17:01:26 [HandleFileRequest[192.168.0.96]]:File not found: C:\Program Files (x86)\FMSoft\Framework\unigui\ext-7.0.0\build\classic\locale\locale-.js
PedigoDigital.exe: 0000300C: 17:01:27 [HandleFileRequest[192.168.0.96]]:File not found: C:\Program Files (x86)\FMSoft\Framework\unigui\ext-7.0.0\build\classic\locale\locale-.js
PedigoDigital.exe: 000012AC: 17:01:27 [TUniGUIServerModule.AppHandleException-]:EAccessViolation : Access violation at address 007EB230 in module 'PedigoDigital.exe'. Read of address 00000064 : Addr: $007EB230
PedigoDigital.exe: 00003CF8: 17:03:01 [HandleFileRequest[192.168.0.96]]:File not found: C:\Program Files (x86)\FMSoft\Framework\unigui\ext-7.0.0\build\classic\locale\locale-.js
PedigoDigital.exe: 00000AE8: 17:03:01 [HandleFileRequest[192.168.0.96]]:File not found: C:\Program Files (x86)\FMSoft\Framework\unigui\ext-7.0.0\build\classic\locale\locale-.js
PedigoDigital.exe: 000012AC: 17:03:03 [TUniGUIServerModule.AppHandleException-]:EAccessViolation : Access violation at address 007EB230 in module 'PedigoDigital.exe'. Read of address 00000064 : Addr: $007EB230
PedigoDigital.exe: 00002DE0: 17:03:48 [HandleFileRequest[192.168.0.96]]:File not found: C:\Program Files (x86)\FMSoft\Framework\unigui\ext-7.0.0\build\classic\locale\locale-.js
PedigoDigital.exe: 000024C0: 17:03:48 [HandleFileRequest[192.168.0.96]]:File not found: C:\Program Files (x86)\FMSoft\Framework\unigui\ext-7.0.0\build\classic\locale\locale-.js
PedigoDigital.exe: 000012AC: 17:03:53 [TUniGUIServerModule.AppHandleException-]:EAccessViolation : Access violation at address 007EB230 in module 'PedigoDigital.exe'. Read of address 00000064 : Addr: $007EB230
PedigoDigital.exe: 00000B00: 17:03:59 [HandleFileRequest[192.168.0.96]]:File not found: C:\Program Files (x86)\FMSoft\Framework\unigui\ext-7.0.0\build\classic\locale\locale-.js
PedigoDigital.exe: 000018B4: 17:03:59 [HandleFileRequest[192.168.0.96]]:File not found: C:\Program Files (x86)\FMSoft\Framework\unigui\ext-7.0.0\build\classic\locale\locale-.js
PedigoDigital.exe: 000012AC: 17:04:13 [TUniGUIServerModule.AppHandleException-]:EAccessViolation : Access violation at address 007EB230 in module 'PedigoDigital.exe'. Read of address 00000064 : Addr: $007EB230
PedigoDigital.exe: 000037B0: 17:04:37 [HandleFileRequest[192.168.0.96]]:File not found: C:\Program Files (x86)\FMSoft\Framework\unigui\ext-7.0.0\build\classic\locale\locale-.js
PedigoDigital.exe: 00003FE4: 17:04:37 [HandleFileRequest[192.168.0.96]]:File not found: C:\Program Files (x86)\FMSoft\Framework\unigui\ext-7.0.0\build\classic\locale\locale-.js
PedigoDigital.exe: 000012AC: 17:04:38 [TUniGUIServerModule.AppHandleException-]:EAccessViolation : Access violation at address 007EB230 in module 'PedigoDigital.exe'. Read of address 00000064 : Addr: $007EB230
PedigoDigital.exe: 000036A4: 17:04:48 [HandleFileRequest[192.168.0.96]]:File not found: C:\Program Files (x86)\FMSoft\Framework\unigui\ext-7.0.0\build\classic\locale\locale-.js
PedigoDigital.exe: 000024C0: 17:04:48 [HandleFileRequest[192.168.0.96]]:File not found: C:\Program Files (x86)\FMSoft\Framework\unigui\ext-7.0.0\build\classic\locale\locale-.js
PedigoDigital.exe: 000012AC: 17:05:03 [TUniGUIServerModule.AppHandleException-]:EAccessViolation : Access violation at address 007EB230 in module 'PedigoDigital.exe'. Read of address 00000064 : Addr: $007EB230
PedigoDigital.exe: 000012AC: 17:05:33 [TUniGUIServerModule.AppHandleException-]:EAccessViolation : Access violation at address 007EB230 in module 'PedigoDigital.exe'. Read of address 00000064 : Addr: $007EB230
PedigoDigital.exe: 000012AC: 17:05:33 [TUniGUIServerModule.AppHandleException-]:EAccessViolation : Access violation at address 007EB230 in module 'PedigoDigital.exe'. Read of address 00000064 : Addr: $007EB230
PedigoDigital.exe: 00002234: 17:05:51 [Exit]:Unexpected attempt to terminate server application with Exit Code: 0
