PedigoDigital.exe: 00002238: 10:19:57 []:>--------------------------------------------------------------<
PedigoDigital.exe: 00002238: 10:19:57 [TUniServerModule]:Server First Init.
PedigoDigital.exe: 00002238: 10:19:57 [TUniServerModule]:Start Path = D:\Projetos\2021\PedidoDigital\retaguarda\Win32\Release\
PedigoDigital.exe: 00002238: 10:19:57 [TUniServerModule]:Starting HTTP Server on Port: 4040...
PedigoDigital.exe: 00002238: 10:19:57 [TUniServerModule]:HTTP Server Started on Port: 4040
PedigoDigital.exe: 00002E3C: 10:20:22 [HandleFileRequest[127.0.0.1]]:File not found: D:\Projetos\2021\PedidoDigital\retaguarda\Win32\Release\favicon.ico
PedigoDigital.exe: 00002C14: 10:20:32 [TUniGUIServerModule.AppHandleException-]:EAccessViolation : Access violation at address 007EE1CC in module 'PedigoDigital.exe'. Read of address 00000064 : Addr: $007EE1CC
PedigoDigital.exe: 00002C14: 10:20:42 [TUniGUIServerModule.AppHandleException-]:EAccessViolation : Access violation at address 007EE1CC in module 'PedigoDigital.exe'. Read of address 00000064 : Addr: $007EE1CC
PedigoDigital.exe: 000022AC: 10:29:54 [TUniGUIServerModule.Create]:EIdException : Extension already exits : Addr: $0075DAA4
PedigoDigital.exe: 000022AC: 10:29:59 [TUniServerModule]:Server Shutdown Completed.
PedigoDigital.exe: 000022AC: 10:29:59 []:<-------------------------------------------------------------->
PedigoDigital.exe: 000022AC: 10:30:04 [Terminated]:Exit Code: 1
PedigoDigital.exe: 000031F8: 10:30:23 [TUniGUIServerModule.Create]:EIdException : Extension already exits : Addr: $0075DAA4
PedigoDigital.exe: 000031F8: 10:30:23 [TUniServerModule]:Server Shutdown Completed.
PedigoDigital.exe: 000031F8: 10:30:23 []:<-------------------------------------------------------------->
PedigoDigital.exe: 000031F8: 10:30:25 [Terminated]:Exit Code: 1
PedigoDigital.exe: 0000363C: 10:30:38 [TUniGUIServerModule.Create]:EIdException : Extension already exits : Addr: $0075DAA4
PedigoDigital.exe: 0000363C: 10:30:38 [TUniServerModule]:Server Shutdown Completed.
PedigoDigital.exe: 0000363C: 10:30:38 []:<-------------------------------------------------------------->
PedigoDigital.exe: 0000363C: 10:30:48 [Terminated]:Exit Code: 1
PedigoDigital.exe: 00000878: 10:31:14 []:>--------------------------------------------------------------<
PedigoDigital.exe: 00000878: 10:31:14 [TUniServerModule]:Server First Init.
PedigoDigital.exe: 00000878: 10:31:14 [TUniServerModule]:Start Path = D:\Projetos\2021\PedidoDigital\retaguarda\Win32\Release\
PedigoDigital.exe: 00000878: 10:31:14 [TUniServerModule]:Starting HTTP Server on Port: 4040...
PedigoDigital.exe: 00000878: 10:31:14 [TUniServerModule]:HTTP Server Started on Port: 4040
PedigoDigital.exe: 00002410: 10:32:09 [TUniGUIServerModule.AppHandleException-]:EAccessViolation : Access violation at address 007EE1CC in module 'PedigoDigital.exe'. Read of address 00000064 : Addr: $007EE1CC
PedigoDigital.exe: 00001D04: 10:33:04 []:>--------------------------------------------------------------<
PedigoDigital.exe: 00001D04: 10:33:04 [TUniServerModule]:Server First Init.
PedigoDigital.exe: 00001D04: 10:33:04 [TUniServerModule]:Start Path = D:\Projetos\2021\PedidoDigital\retaguarda\Win32\Release\
PedigoDigital.exe: 00001D04: 10:33:09 [TUniServerModule]:Global Cache Folder Erased. <149> Files deleted.
PedigoDigital.exe: 00001D04: 10:33:09 [TUniServerModule]:Starting HTTP Server on Port: 4040...
PedigoDigital.exe: 00001D04: 10:33:09 [TUniServerModule]:HTTP Server Started on Port: 4040
PedigoDigital.exe: 00000CFC: 10:33:12 [127.0.0.1]:EUniSessionException : Invalid session or session Timeout. (Session not found: J7z5NexsWB1081AD697 ) : Addr: $0082525E
PedigoDigital.exe: 000005CC: 10:33:24 [TUniGUIServerModule.AppHandleException-]:EAccessViolation : Access violation at address 007EE1CC in module 'PedigoDigital.exe'. Read of address 00000064 : Addr: $007EE1CC
PedigoDigital.exe: 000005CC: 10:34:49 [TUniGUIServerModule.AppHandleException-]:EAccessViolation : Access violation at address 007EE1CC in module 'PedigoDigital.exe'. Read of address 00000064 : Addr: $007EE1CC
PedigoDigital.exe: 000005CC: 10:34:54 [TUniGUIServerModule.AppHandleException-]:EAccessViolation : Access violation at address 007EE1CC in module 'PedigoDigital.exe'. Read of address 00000064 : Addr: $007EE1CC
PedigoDigital.exe: 000005CC: 10:34:59 [TUniGUIServerModule.AppHandleException-]:EAccessViolation : Access violation at address 007EE1CC in module 'PedigoDigital.exe'. Read of address 00000064 : Addr: $007EE1CC
PedigoDigital.exe: 000005CC: 10:34:59 [TUniGUIServerModule.AppHandleException-]:EAccessViolation : Access violation at address 007EE1CC in module 'PedigoDigital.exe'. Read of address 00000064 : Addr: $007EE1CC
PedigoDigital.exe: 000005CC: 10:35:49 [TUniGUIServerModule.AppHandleException-]:EAccessViolation : Access violation at address 007EE1CC in module 'PedigoDigital.exe'. Read of address 00000064 : Addr: $007EE1CC
PedigoDigital.exe: 000038B4: 10:38:57 []:>--------------------------------------------------------------<
PedigoDigital.exe: 000038B4: 10:38:57 [TUniServerModule]:Server First Init.
PedigoDigital.exe: 000038B4: 10:38:57 [TUniServerModule]:Start Path = D:\Projetos\2021\PedidoDigital\retaguarda\Win32\Release\
PedigoDigital.exe: 000038B4: 10:39:02 [TUniServerModule]:Global Cache Folder Erased. <166> Files deleted.
PedigoDigital.exe: 000038B4: 10:39:02 [TUniServerModule]:Starting HTTP Server on Port: 4040...
PedigoDigital.exe: 000038B4: 10:39:02 [TUniServerModule]:HTTP Server Started on Port: 4040
PedigoDigital.exe: 000031F4: 10:39:03 [127.0.0.1]:EUniSessionException : Invalid session or session Timeout. (Session not found: YmvhgTOiQy1081AD6EE ) : Addr: $0082525E
PedigoDigital.exe: 00001754: 10:39:31 []:>--------------------------------------------------------------<
PedigoDigital.exe: 00001754: 10:39:31 [TUniServerModule]:Server First Init.
PedigoDigital.exe: 00001754: 10:39:31 [TUniServerModule]:Start Path = D:\Projetos\2021\PedidoDigital\retaguarda\Win32\Release\
PedigoDigital.exe: 00001754: 10:39:36 [TUniServerModule]:Global Cache Folder Erased. <160> Files deleted.
PedigoDigital.exe: 00001754: 10:39:36 [TUniServerModule]:Starting HTTP Server on Port: 4040...
PedigoDigital.exe: 00001754: 10:39:36 [TUniServerModule]:HTTP Server Started on Port: 4040
PedigoDigital.exe: 0000088C: 10:39:38 [127.0.0.1]:EUniSessionException : Invalid session or session Timeout. (Session not found: 6oStraxcO41081AD87A ) : Addr: $0082525E
PedigoDigital.exe: 00002E3C: 10:40:18 []:>--------------------------------------------------------------<
PedigoDigital.exe: 00002E3C: 10:40:18 [TUniServerModule]:Server First Init.
PedigoDigital.exe: 00002E3C: 10:40:18 [TUniServerModule]:Start Path = D:\Projetos\2021\PedidoDigital\retaguarda\Win32\Release\
PedigoDigital.exe: 00002E3C: 10:40:22 [TUniServerModule]:Global Cache Folder Erased. <165> Files deleted.
PedigoDigital.exe: 00002E3C: 10:40:22 [TUniServerModule]:Starting HTTP Server on Port: 4040...
PedigoDigital.exe: 00002E3C: 10:40:22 [TUniServerModule]:HTTP Server Started on Port: 4040
PedigoDigital.exe: 00000570: 10:40:23 [127.0.0.1]:EUniSessionException : Invalid session or session Timeout. (Session not found: ElTkMsQKOx1081AD8A3 ) : Addr: $0082525E
PedigoDigital.exe: 00002AF4: 10:40:54 []:>--------------------------------------------------------------<
PedigoDigital.exe: 00002AF4: 10:40:54 [TUniServerModule]:Server First Init.
PedigoDigital.exe: 00002AF4: 10:40:54 [TUniServerModule]:Start Path = D:\Projetos\2021\PedidoDigital\retaguarda\Win32\Release\
PedigoDigital.exe: 00002AF4: 10:40:59 [TUniServerModule]:Global Cache Folder Erased. <155> Files deleted.
PedigoDigital.exe: 00002AF4: 10:40:59 [TUniServerModule]:Starting HTTP Server on Port: 4040...
PedigoDigital.exe: 00002AF4: 10:40:59 [TUniServerModule]:HTTP Server Started on Port: 4040
PedigoDigital.exe: 0000352C: 10:41:01 [127.0.0.1]:EUniSessionException : Invalid session or session Timeout. (Session not found: dGVfwR61q31081AD8D7 ) : Addr: $0082525E
PedigoDigital.exe: 00000CDC: 10:41:10 [127.0.0.1]:EDatabaseError : QueryProduto: Field 'NOME' not found : Addr: $006B239E
PedigoDigital.exe: 00000CDC: 10:41:16 [127.0.0.1]:EDatabaseError : QueryProduto: Field 'NOME' not found : Addr: $006B239E
PedigoDigital.exe: 00001500: 10:42:32 []:>--------------------------------------------------------------<
PedigoDigital.exe: 00001500: 10:42:32 [TUniServerModule]:Server First Init.
PedigoDigital.exe: 00001500: 10:42:32 [TUniServerModule]:Start Path = D:\Projetos\2021\PedidoDigital\retaguarda\Win32\Release\
PedigoDigital.exe: 00001500: 10:42:36 [TUniServerModule]:Global Cache Folder Erased. <159> Files deleted.
PedigoDigital.exe: 00001500: 10:42:37 [TUniServerModule]:Starting HTTP Server on Port: 4040...
PedigoDigital.exe: 00001500: 10:42:37 [TUniServerModule]:HTTP Server Started on Port: 4040
PedigoDigital.exe: 00003BE8: 10:47:29 [127.0.0.1]:EUniSessionException : Invalid session or session Timeout. (Session not found: 5UFoei5Dag1081AD906 ) : Addr: $0082525E
PedigoDigital.exe: 00000660: 10:47:57 []:>--------------------------------------------------------------<
PedigoDigital.exe: 00000660: 10:47:57 [TUniServerModule]:Server First Init.
PedigoDigital.exe: 00000660: 10:47:57 [TUniServerModule]:Start Path = D:\Projetos\2021\PedidoDigital\retaguarda\Win32\Release\
PedigoDigital.exe: 00000660: 10:48:02 [TUniServerModule]:Global Cache Folder Erased. <153> Files deleted.
PedigoDigital.exe: 00000660: 10:48:02 [TUniServerModule]:Starting HTTP Server on Port: 4040...
PedigoDigital.exe: 00000660: 10:48:02 [TUniServerModule]:HTTP Server Started on Port: 4040
PedigoDigital.exe: 00002F94: 10:48:03 [127.0.0.1]:EUniSessionException : Invalid session or session Timeout. (Session not found: tbV9uoonE71081ADAC6 ) : Addr: $0082525E
PedigoDigital.exe: 00002D08: 10:49:34 []:>--------------------------------------------------------------<
PedigoDigital.exe: 00002D08: 10:49:34 [TUniServerModule]:Server First Init.
PedigoDigital.exe: 00002D08: 10:49:34 [TUniServerModule]:Start Path = D:\Projetos\2021\PedidoDigital\retaguarda\Win32\Release\
PedigoDigital.exe: 00002D08: 10:49:38 [TUniServerModule]:Global Cache Folder Erased. <165> Files deleted.
PedigoDigital.exe: 00002D08: 10:49:38 [TUniServerModule]:Starting HTTP Server on Port: 4040...
PedigoDigital.exe: 00002D08: 10:49:39 [TUniServerModule]:HTTP Server Started on Port: 4040
PedigoDigital.exe: 00003ABC: 10:49:40 [127.0.0.1]:EUniSessionException : Invalid session or session Timeout. (Session not found: RgjKCJ6PK41081ADAEB ) : Addr: $0082525E
PedigoDigital.exe: 00002904: 10:53:28 []:>--------------------------------------------------------------<
PedigoDigital.exe: 00002904: 10:53:28 [TUniServerModule]:Server First Init.
PedigoDigital.exe: 00002904: 10:53:28 [TUniServerModule]:Start Path = D:\Projetos\2021\PedidoDigital\retaguarda\Win32\Release\
PedigoDigital.exe: 00002904: 10:53:32 [TUniServerModule]:Global Cache Folder Erased. <169> Files deleted.
PedigoDigital.exe: 00002904: 10:53:32 [TUniServerModule]:Starting HTTP Server on Port: 4040...
PedigoDigital.exe: 00002904: 10:53:32 [TUniServerModule]:HTTP Server Started on Port: 4040
PedigoDigital.exe: 00002F04: 10:53:33 [127.0.0.1]:EUniSessionException : Invalid session or session Timeout. (Session not found: qyhHdrxVGg1081ADB5B ) : Addr: $0082525E
PedigoDigital.exe: 000008D0: 10:55:47 []:>--------------------------------------------------------------<
PedigoDigital.exe: 000008D0: 10:55:47 [TUniServerModule]:Server First Init.
PedigoDigital.exe: 000008D0: 10:55:47 [TUniServerModule]:Start Path = D:\Projetos\2021\PedidoDigital\retaguarda\Win32\Release\
PedigoDigital.exe: 000008D0: 10:55:52 [TUniServerModule]:Global Cache Folder Erased. <154> Files deleted.
PedigoDigital.exe: 000008D0: 10:55:52 [TUniServerModule]:Starting HTTP Server on Port: 4040...
PedigoDigital.exe: 000008D0: 10:55:52 [TUniServerModule]:HTTP Server Started on Port: 4040
PedigoDigital.exe: 0000264C: 10:56:07 []:>--------------------------------------------------------------<
PedigoDigital.exe: 0000264C: 10:56:07 [TUniServerModule]:Server First Init.
PedigoDigital.exe: 0000264C: 10:56:07 [TUniServerModule]:Start Path = D:\Projetos\2021\PedidoDigital\retaguarda\Win32\Release\
PedigoDigital.exe: 0000264C: 10:56:07 [TUniServerModule]:Global Cache Folder Erased. <1> Files deleted.
PedigoDigital.exe: 0000264C: 10:56:07 [TUniServerModule]:Starting HTTP Server on Port: 4040...
PedigoDigital.exe: 0000264C: 10:56:07 [TUniServerModule]:HTTP Server Started on Port: 4040
PedigoDigital.exe: 00002AA0: 10:56:25 []:>--------------------------------------------------------------<
PedigoDigital.exe: 00002AA0: 10:56:25 [TUniServerModule]:Server First Init.
PedigoDigital.exe: 00002AA0: 10:56:25 [TUniServerModule]:Start Path = D:\Projetos\2021\PedidoDigital\retaguarda\Win32\Release\
PedigoDigital.exe: 00002AA0: 10:56:25 [TUniServerModule]:Global Cache Folder Erased. <1> Files deleted.
PedigoDigital.exe: 00002AA0: 10:56:25 [TUniServerModule]:Starting HTTP Server on Port: 4040...
PedigoDigital.exe: 00002AA0: 10:56:25 [TUniServerModule]:HTTP Server Started on Port: 4040
PedigoDigital.exe: 000035F8: 10:56:35 [127.0.0.1]:EUniSessionException : Invalid session or session Timeout. (Session not found: O8zKKZu8gp1081ADC69 ) : Addr: $0082525E
PedigoDigital.exe: 00003A28: 10:59:25 [TUniGUIServerModule.AppHandleException-]:EAccessViolation : Access violation at address 007EE1CC in module 'PedigoDigital.exe'. Read of address 00000064 : Addr: $007EE1CC
PedigoDigital.exe: 00002E40: 11:00:13 []:>--------------------------------------------------------------<
PedigoDigital.exe: 00002E40: 11:00:13 [TUniServerModule]:Server First Init.
PedigoDigital.exe: 00002E40: 11:00:13 [TUniServerModule]:Start Path = D:\Projetos\2021\PedidoDigital\retaguarda\Win32\Release\
PedigoDigital.exe: 00002E40: 11:00:18 [TUniServerModule]:Global Cache Folder Erased. <155> Files deleted.
PedigoDigital.exe: 00002E40: 11:00:18 [TUniServerModule]:Starting HTTP Server on Port: 4040...
PedigoDigital.exe: 00002E40: 11:00:18 [TUniServerModule]:HTTP Server Started on Port: 4040
PedigoDigital.exe: 00001420: 11:00:30 [127.0.0.1]:EUniSessionException : Invalid session or session Timeout. (Session not found: qR95q3SH4h1081ADDFC ) : Addr: $0082525E
PedigoDigital.exe: 00002D00: 11:07:53 [TUniGUIServerModule.AppHandleException-]:EAccessViolation : Access violation at address 007EE1CC in module 'PedigoDigital.exe'. Read of address 00000064 : Addr: $007EE1CC
PedigoDigital.exe: 00002CD4: 11:08:15 []:>--------------------------------------------------------------<
PedigoDigital.exe: 00002CD4: 11:08:15 [TUniServerModule]:Server First Init.
PedigoDigital.exe: 00002CD4: 11:08:15 [TUniServerModule]:Start Path = D:\Projetos\2021\PedidoDigital\retaguarda\Win32\Release\
PedigoDigital.exe: 00002CD4: 11:08:19 [TUniServerModule]:Global Cache Folder Erased. <155> Files deleted.
PedigoDigital.exe: 00002CD4: 11:08:19 [TUniServerModule]:Starting HTTP Server on Port: 4040...
PedigoDigital.exe: 00002CD4: 11:08:19 [TUniServerModule]:HTTP Server Started on Port: 4040
PedigoDigital.exe: 0000301C: 11:08:20 [127.0.0.1]:EUniSessionException : Invalid session or session Timeout. (Session not found: MQyHaCXXan1081AE04B ) : Addr: $0082525E
PedigoDigital.exe: 00001078: 11:08:57 []:>--------------------------------------------------------------<
PedigoDigital.exe: 00001078: 11:08:57 [TUniServerModule]:Server First Init.
PedigoDigital.exe: 00001078: 11:08:57 [TUniServerModule]:Start Path = D:\Projetos\2021\PedidoDigital\retaguarda\Win32\Release\
PedigoDigital.exe: 00001078: 11:09:01 [TUniServerModule]:Global Cache Folder Erased. <155> Files deleted.
PedigoDigital.exe: 00001078: 11:09:01 [TUniServerModule]:Starting HTTP Server on Port: 4040...
PedigoDigital.exe: 00001078: 11:09:01 [TUniServerModule]:HTTP Server Started on Port: 4040
PedigoDigital.exe: 000033B4: 11:09:02 [127.0.0.1]:EUniSessionException : Invalid session or session Timeout. (Session not found: 5rBGBTB6UB1081AE06C ) : Addr: $0082525E
PedigoDigital.exe: 00003348: 11:09:27 [TUniGUIServerModule.AppHandleException-]:EAccessViolation : Access violation at address 007EE1CC in module 'PedigoDigital.exe'. Read of address 00000064 : Addr: $007EE1CC
PedigoDigital.exe: 00001E20: 11:10:04 []:>--------------------------------------------------------------<
PedigoDigital.exe: 00001E20: 11:10:04 [TUniServerModule]:Server First Init.
PedigoDigital.exe: 00001E20: 11:10:04 [TUniServerModule]:Start Path = D:\Projetos\2021\PedidoDigital\retaguarda\Win32\Release\
PedigoDigital.exe: 00001E20: 11:10:08 [TUniServerModule]:Global Cache Folder Erased. <153> Files deleted.
PedigoDigital.exe: 00001E20: 11:10:08 [TUniServerModule]:Starting HTTP Server on Port: 4040...
PedigoDigital.exe: 00001E20: 11:10:08 [TUniServerModule]:HTTP Server Started on Port: 4040
PedigoDigital.exe: 00002FA8: 11:11:27 []:>--------------------------------------------------------------<
PedigoDigital.exe: 00002FA8: 11:11:27 [TUniServerModule]:Server First Init.
PedigoDigital.exe: 00002FA8: 11:11:27 [TUniServerModule]:Start Path = D:\Projetos\2021\PedidoDigital\retaguarda\Win32\Release\
PedigoDigital.exe: 00002FA8: 11:11:27 [TUniServerModule]:Global Cache Folder Erased. <1> Files deleted.
PedigoDigital.exe: 00002FA8: 11:11:27 [TUniServerModule]:Starting HTTP Server on Port: 4040...
PedigoDigital.exe: 00002FA8: 11:11:27 [TUniServerModule]:HTTP Server Started on Port: 4040
PedigoDigital.exe: 000030C4: 11:11:29 [127.0.0.1]:EUniSessionException : Invalid session or session Timeout. (Session not found: OPobjUR37n1081AE0B4 ) : Addr: $0082525E
PedigoDigital.exe: 00002B1C: 11:11:42 [TUniGUIServerModule.AppHandleException-]:EAccessViolation : Access violation at address 007EE1CC in module 'PedigoDigital.exe'. Read of address 00000064 : Addr: $007EE1CC
PedigoDigital.exe: 000001F4: 11:12:05 []:>--------------------------------------------------------------<
PedigoDigital.exe: 000001F4: 11:12:05 [TUniServerModule]:Server First Init.
PedigoDigital.exe: 000001F4: 11:12:05 [TUniServerModule]:Start Path = D:\Projetos\2021\PedidoDigital\retaguarda\Win32\Release\
PedigoDigital.exe: 000001F4: 11:12:09 [TUniServerModule]:Global Cache Folder Erased. <153> Files deleted.
PedigoDigital.exe: 000001F4: 11:12:09 [TUniServerModule]:Starting HTTP Server on Port: 4040...
PedigoDigital.exe: 000001F4: 11:12:09 [TUniServerModule]:HTTP Server Started on Port: 4040
PedigoDigital.exe: 000009AC: 11:12:10 [127.0.0.1]:EUniSessionException : Invalid session or session Timeout. (Session not found: ioN3ronY311081AE152 ) : Addr: $0082525E
PedigoDigital.exe: 000037D0: 11:13:18 [127.0.0.1]:EUniSessionException : Invalid session or session Timeout. (Session not found: oL7ocQJiOM1081AD799 ) : Addr: $0082525E
PedigoDigital.exe: 00000850: 11:13:20 [TUniGUIServerModule.AppHandleException-]:EAccessViolation : Access violation at address 007EE1CC in module 'PedigoDigital.exe'. Read of address 00000064 : Addr: $007EE1CC
PedigoDigital.exe: 00000850: 11:15:15 [TUniGUIServerModule.AppHandleException-]:EAccessViolation : Access violation at address 007EE1CC in module 'PedigoDigital.exe'. Read of address 00000064 : Addr: $007EE1CC
